<?xml version="1.0" encoding="UTF-8"?>
<testng-results ignored="0" total="1" passed="1" failed="0" skipped="0">
  <reporter-output>
  </reporter-output>
  <suite started-at="2024-01-10T14:48:59 CST" name="Default suite" finished-at="2024-01-10T14:49:13 CST" duration-ms="13984">
    <groups>
    </groups>
    <test started-at="2024-01-10T14:48:59 CST" name="Default test" finished-at="2024-01-10T14:49:13 CST" duration-ms="13984">
      <class name="com.mobileframework.InitialTests">
        <test-method is-config="true" signature="configureAppium()[pri:0, instance:com.mobileframework.InitialTests@183ec003]" started-at="2024-01-10T14:48:59 CST" name="configureAppium" finished-at="2024-01-10T14:49:07 CST" duration-ms="8225" status="PASS">
          <reporter-output>
          </reporter-output>
        </test-method> <!-- configureAppium -->
        <test-method signature="initialTest1()[pri:0, instance:com.mobileframework.InitialTests@183ec003]" started-at="2024-01-10T14:49:07 CST" name="initialTest1" finished-at="2024-01-10T14:49:13 CST" duration-ms="5388" status="PASS">
          <reporter-output>
          </reporter-output>
        </test-method> <!-- initialTest1 -->
        <test-method is-config="true" signature="tearDown()[pri:0, instance:com.mobileframework.InitialTests@183ec003]" started-at="2024-01-10T14:49:13 CST" name="tearDown" finished-at="2024-01-10T14:49:13 CST" duration-ms="291" status="PASS">
          <reporter-output>
          </reporter-output>
        </test-method> <!-- tearDown -->
      </class> <!-- com.mobileframework.InitialTests -->
    </test> <!-- Default test -->
  </suite> <!-- Default suite -->
</testng-results>
