<?xml version="1.0" encoding="UTF-8"?>
<!-- Generated by org.testng.reporters.JUnitXMLReporter -->
<testsuite ignored="0" hostname="Gilbertos-MacBook-Pro.local" failures="0" tests="3" name="Test" time="13.349" errors="0" timestamp="2024-01-22T14:39:04 CST">
  <testcase classname="com.swaglabsmobileapp.DemoTest" name="@BeforeMethod presetup" time="0.161">
    <failure type="java.lang.ClassCastException" message="class io.appium.java_client.ios.IOSDriver cannot be cast to class io.appium.java_client.android.StartsActivity (io.appium.java_client.ios.IOSDriver and io.appium.java_client.android.StartsActivity are in unnamed module of loader &amp;apos;app&amp;apos;)">
      <![CDATA[java.lang.ClassCastException: class io.appium.java_client.ios.IOSDriver cannot be cast to class io.appium.java_client.android.StartsActivity (io.appium.java_client.ios.IOSDriver and io.appium.java_client.android.StartsActivity are in unnamed module of loader 'app')
at com.swaglabsmobileapp.pageObjects.android.LoginPage.setActivity(LoginPage.java:75)
at com.swaglabsmobileapp.DemoTest.presetup(DemoTest.java:25)
at java.base/java.util.ArrayList.forEach(ArrayList.java:1541)
... Removed 31 stack frames]]>
    </failure>
  </testcase> <!-- @BeforeMethod presetup -->
  <testcase classname="com.swaglabsmobileapp.DemoTest" name="@BeforeMethod presetup" time="0.002">
    <failure type="java.lang.ClassCastException" message="class io.appium.java_client.ios.IOSDriver cannot be cast to class io.appium.java_client.android.StartsActivity (io.appium.java_client.ios.IOSDriver and io.appium.java_client.android.StartsActivity are in unnamed module of loader &amp;apos;app&amp;apos;)">
      <![CDATA[java.lang.ClassCastException: class io.appium.java_client.ios.IOSDriver cannot be cast to class io.appium.java_client.android.StartsActivity (io.appium.java_client.ios.IOSDriver and io.appium.java_client.android.StartsActivity are in unnamed module of loader 'app')
at com.swaglabsmobileapp.pageObjects.android.LoginPage.setActivity(LoginPage.java:75)
at com.swaglabsmobileapp.DemoTest.presetup(DemoTest.java:25)
at java.base/java.util.ArrayList.forEach(ArrayList.java:1541)
... Removed 31 stack frames]]>
    </failure>
  </testcase> <!-- @BeforeMethod presetup -->
  <testcase classname="com.swaglabsmobileapp.DemoTest" name="@BeforeMethod presetup" time="0.007">
    <failure type="java.lang.ClassCastException" message="class io.appium.java_client.ios.IOSDriver cannot be cast to class io.appium.java_client.android.StartsActivity (io.appium.java_client.ios.IOSDriver and io.appium.java_client.android.StartsActivity are in unnamed module of loader &amp;apos;app&amp;apos;)">
      <![CDATA[java.lang.ClassCastException: class io.appium.java_client.ios.IOSDriver cannot be cast to class io.appium.java_client.android.StartsActivity (io.appium.java_client.ios.IOSDriver and io.appium.java_client.android.StartsActivity are in unnamed module of loader 'app')
at com.swaglabsmobileapp.pageObjects.android.LoginPage.setActivity(LoginPage.java:75)
at com.swaglabsmobileapp.DemoTest.presetup(DemoTest.java:25)
at java.base/java.util.ArrayList.forEach(ArrayList.java:1541)
... Removed 31 stack frames]]>
    </failure>
  </testcase> <!-- @BeforeMethod presetup -->
  <testcase classname="com.swaglabsmobileapp.DemoTest" name="TC001_Login_StandardUser_SuccesfulLogin" time="0.0">
    <skipped/>
  </testcase> <!-- TC001_Login_StandardUser_SuccesfulLogin -->
  <testcase classname="com.swaglabsmobileapp.DemoTest" name="TC002_Login_LockedOutUser_Unable_To_Login" time="0.0">
    <skipped/>
  </testcase> <!-- TC002_Login_LockedOutUser_Unable_To_Login -->
  <testcase classname="com.swaglabsmobileapp.DemoTest" name="TC003_Login_ProblemUser_SuccesfulLogin" time="0.0">
    <skipped/>
  </testcase> <!-- TC003_Login_ProblemUser_SuccesfulLogin -->
</testsuite> <!-- Test -->
