<?xml version="1.0" encoding="UTF-8"?>
<!-- Generated by org.testng.reporters.JUnitXMLReporter -->
<testsuite ignored="1" hostname="Gilbertos-MacBook-Pro.local" failures="0" tests="2" name="Test" time="18.725" errors="0" timestamp="2024-01-22T15:06:52 CST">
  <testcase classname="com.swaglabsmobileapp.DemoTest" name="TC001_Login_StandardUser_SuccesfulLogin" time="4.219"/>
  <testcase classname="com.swaglabsmobileapp.DemoTest" name="TC002_Login_LockedOutUser_Unable_To_Login" time="3.174"/>
  <testcase classname="com.swaglabsmobileapp.DemoTest" name="TC003_Login_ProblemUser_SuccesfulLogin" time="0.0">
    <ignored/>
  </testcase> <!-- TC003_Login_ProblemUser_SuccesfulLogin -->
</testsuite> <!-- Test -->
