<?xml version="1.0" encoding="UTF-8"?>
<testsuite xmlns:xsi="http://www.w3.org/2001/XMLSchema-instance" xsi:noNamespaceSchemaLocation="https://maven.apache.org/surefire/maven-surefire-plugin/xsd/surefire-test-report-3.0.xsd" version="3.0" name="TestSuite" time="19.417" tests="2" errors="0" skipped="0" failures="0">
  <properties>
[...]
</properties>
  <testcase name="TC001_Login_StandardUser_SuccesfulLogin[{user_locked=locked_out_user, password=secret_sauce, user_valid=standard_user, user_problem=problem_user}](1)" classname="com.swaglabsmobileapp.DemoTest" time="4.22">
    <system-out><![CDATA[&amp#27;[35m[Appium]&amp#27;[39m Welcome to Appium v1.22.3
&amp#27;[35m[Appium]&amp#27;[39m Non-default server args:
&amp#27;[35m[Appium]&amp#27;[39m   address: 127.0.0.1
&amp#27;[35m[Appium]&amp#27;[39m   port: 59121
&amp#27;[35m[Appium]&amp#27;[39m   basePath: /wd/hub/
&amp#27;[35m[Appium]&amp#27;[39m Appium REST http interface listener started on 127.0.0.1:59121
&amp#27;[35m[HTTP]&amp#27;[39m &amp#27;[37m-->&amp#27;[39m &amp#27;[37mGET&amp#27;[39m &amp#27;[37m/wd/hub/status&amp#27;[39m
&amp#27;[35m[HTTP]&amp#27;[39m &amp#27;[90m{}&amp#27;[39m
[debug] &amp#27;[35m[GENERIC]&amp#27;[39m Calling AppiumDriver.getStatus() with args: []
[debug] &amp#27;[35m[GENERIC]&amp#27;[39m Responding to client with driver.getStatus() result: {"build":{"version":"1.22.3"}}
&amp#27;[35m[HTTP]&amp#27;[39m &amp#27;[37m<-- GET /wd/hub/status &amp#27;[39m&amp#27;[32m200&amp#27;[39m &amp#27;[90m3 ms - 68&amp#27;[39m
&amp#27;[35m[HTTP]&amp#27;[39m &amp#27;[90m&amp#27;[39m
[debug] &amp#27;[35m[HTTP]&amp#27;[39m Request idempotency key: b95657b9-114c-47a6-9fb3-332817171c60
&amp#27;[35m[HTTP]&amp#27;[39m &amp#27;[37m-->&amp#27;[39m &amp#27;[37mPOST&amp#27;[39m &amp#27;[37m/wd/hub/session&amp#27;[39m
&amp#27;[35m[HTTP]&amp#27;[39m &amp#27;[90m{"capabilities":{"firstMatch":[{}],"alwaysMatch":{"appium:app":"/Users/gilberto.barraza/Desktop/MobileAutomation/WizelineWorkspace/DemoProject/src/test/java/com/swaglabsmobileapp/Resources/Android.SauceLabs.Mobile.Sample.app.2.7.1.apk","appium:appActivity":"com.swaglabsmobileapp.MainActivity","appium:automationName":"uiautomator2","appium:clearSystemFiles":true,"appium:deviceName":"pixel_5_API_29","appium:platformVersion":"10","platformName":"android"}}}&amp#27;[39m
[debug] &amp#27;[35m[W3C]&amp#27;[39m Calling AppiumDriver.createSession() with args: [null,null,{"firstMatch":[{}],"alwaysMatch":{"appium:app":"/Users/gilberto.barraza/Desktop/MobileAutomation/WizelineWorkspace/DemoProject/src/test/java/com/swaglabsmobileapp/Resources/Android.SauceLabs.Mobile.Sample.app.2.7.1.apk","appium:appActivity":"com.swaglabsmobileapp.MainActivity","appium:automationName":"uiautomator2","appium:clearSystemFiles":true,"appium:deviceName":"pixel_5_API_29","appium:platformVersion":"10","platformName":"android"}}]
[debug] &amp#27;[35m[BaseDriver]&amp#27;[39m Event 'newSessionRequested' logged at 1705957594360 (15:06:34 GMT-0600 (Central Standard Time))
&amp#27;[35m[Appium]&amp#27;[39m Appium v1.22.3 creating new AndroidUiautomator2Driver (v1.70.1) session
[debug] &amp#27;[35m[BaseDriver]&amp#27;[39m Creating session with W3C capabilities: {
[debug] &amp#27;[35m[BaseDriver]&amp#27;[39m   "alwaysMatch": {
[debug] &amp#27;[35m[BaseDriver]&amp#27;[39m     "platformName": "android",
[debug] &amp#27;[35m[BaseDriver]&amp#27;[39m     "appium:app": "/Users/gilberto.barraza/Desktop/MobileAutomation/WizelineWorkspace/DemoProject/src/test/java/com/swaglabsmobileapp/Resources/Android.SauceLabs.Mobile.Sample.app.2.7.1.apk",
[debug] &amp#27;[35m[BaseDriver]&amp#27;[39m     "appium:appActivity": "com.swaglabsmobileapp.MainActivity",
[debug] &amp#27;[35m[BaseDriver]&amp#27;[39m     "appium:automationName": "uiautomator2",
[debug] &amp#27;[35m[BaseDriver]&amp#27;[39m     "appium:clearSystemFiles": true,
[debug] &amp#27;[35m[BaseDriver]&amp#27;[39m     "appium:deviceName": "pixel_5_API_29",
[debug] &amp#27;[35m[BaseDriver]&amp#27;[39m     "appium:platformVersion": "10"
[debug] &amp#27;[35m[BaseDriver]&amp#27;[39m   },
[debug] &amp#27;[35m[BaseDriver]&amp#27;[39m   "firstMatch": [
[debug] &amp#27;[35m[BaseDriver]&amp#27;[39m     {}
[debug] &amp#27;[35m[BaseDriver]&amp#27;[39m   ]
[debug] &amp#27;[35m[BaseDriver]&amp#27;[39m }
&amp#27;[35m[BaseDriver]&amp#27;[39m Session created with session id: cc6f4608-51bd-405a-a86e-3acbc4d65c8a
&amp#27;[35m[BaseDriver]&amp#27;[39m Using local app '/Users/gilberto.barraza/Desktop/MobileAutomation/WizelineWorkspace/DemoProject/src/test/java/com/swaglabsmobileapp/Resources/Android.SauceLabs.Mobile.Sample.app.2.7.1.apk'
[debug] &amp#27;[35m[UiAutomator2]&amp#27;[39m Checking whether app is actually present
&amp#27;[35m[ADB]&amp#27;[39m Found 2 'build-tools' folders under '/Users/gilberto.barraza/Library/Android/sdk' (newest first):
&amp#27;[35m[ADB]&amp#27;[39m     /Users/gilberto.barraza/Library/Android/sdk/build-tools/33.0.0
&amp#27;[35m[ADB]&amp#27;[39m     /Users/gilberto.barraza/Library/Android/sdk/build-tools/30.0.3
&amp#27;[35m[ADB]&amp#27;[39m Using 'adb' from '/Users/gilberto.barraza/Library/Android/sdk/platform-tools/adb'
[debug] &amp#27;[35m[ADB]&amp#27;[39m Running '/Users/gilberto.barraza/Library/Android/sdk/platform-tools/adb -P 5037 start-server'
&amp#27;[35m[AndroidDriver]&amp#27;[39m Retrieving device list
[debug] &amp#27;[35m[ADB]&amp#27;[39m Trying to find a connected android device
[debug] &amp#27;[35m[ADB]&amp#27;[39m Getting connected devices
[debug] &amp#27;[35m[ADB]&amp#27;[39m Connected devices: [{"udid":"QKYHMRX84HMVKRSW","state":"device"},{"udid":"emulator-5554","state":"device"}]
&amp#27;[35m[AndroidDriver]&amp#27;[39m Looking for a device with Android '10.0.0'
[debug] &amp#27;[35m[ADB]&amp#27;[39m Setting device id to QKYHMRX84HMVKRSW
&amp#27;[35m[ADB]&amp#27;[39m Getting device platform version
[debug] &amp#27;[35m[ADB]&amp#27;[39m Running '/Users/gilberto.barraza/Library/Android/sdk/platform-tools/adb -P 5037 -s QKYHMRX84HMVKRSW shell getprop ro.build.version.release'
[debug] &amp#27;[35m[ADB]&amp#27;[39m Current device property 'ro.build.version.release': 11
[debug] &amp#27;[35m[ADB]&amp#27;[39m Setting device id to emulator-5554
&amp#27;[35m[ADB]&amp#27;[39m Getting device platform version
[debug] &amp#27;[35m[ADB]&amp#27;[39m Running '/Users/gilberto.barraza/Library/Android/sdk/platform-tools/adb -P 5037 -s emulator-5554 shell getprop ro.build.version.release'
[debug] &amp#27;[35m[ADB]&amp#27;[39m Current device property 'ro.build.version.release': 10
&amp#27;[35m[AndroidDriver]&amp#27;[39m Using device: emulator-5554
&amp#27;[35m[ADB]&amp#27;[39m Using 'adb' from '/Users/gilberto.barraza/Library/Android/sdk/platform-tools/adb'
[debug] &amp#27;[35m[ADB]&amp#27;[39m Running '/Users/gilberto.barraza/Library/Android/sdk/platform-tools/adb -P 5037 start-server'
[debug] &amp#27;[35m[ADB]&amp#27;[39m Setting device id to emulator-5554
[debug] &amp#27;[35m[ADB]&amp#27;[39m Running '/Users/gilberto.barraza/Library/Android/sdk/platform-tools/adb -P 5037 -s emulator-5554 shell getprop ro.build.version.sdk'
[debug] &amp#27;[35m[ADB]&amp#27;[39m Current device property 'ro.build.version.sdk': 29
&amp#27;[35m[ADB]&amp#27;[39m Getting device platform version
[debug] &amp#27;[35m[ADB]&amp#27;[39m Running '/Users/gilberto.barraza/Library/Android/sdk/platform-tools/adb -P 5037 -s emulator-5554 shell getprop ro.build.version.release'
[debug] &amp#27;[35m[ADB]&amp#27;[39m Current device property 'ro.build.version.release': 10
[debug] &amp#27;[35m[ADB]&amp#27;[39m Device API level: 29
&amp#27;[35m[UiAutomator2]&amp#27;[39m Relaxing hidden api policy
[debug] &amp#27;[35m[ADB]&amp#27;[39m Running '/Users/gilberto.barraza/Library/Android/sdk/platform-tools/adb -P 5037 -s emulator-5554 shell 'settings put global hidden_api_policy_pre_p_apps 1;settings put global hidden_api_policy_p_apps 1;settings put global hidden_api_policy 1''
[debug] &amp#27;[35m[AndroidDriver]&amp#27;[39m Parsing package and activity from app manifest
&amp#27;[35m[ADB]&amp#27;[39m Package name: 'com.swaglabsmobileapp'
&amp#27;[35m[ADB]&amp#27;[39m Main activity name: 'com.swaglabsmobileapp.SplashActivity'
[debug] &amp#27;[35m[AndroidDriver]&amp#27;[39m Parsed package and activity are: com.swaglabsmobileapp/com.swaglabsmobileapp.SplashActivity
[debug] &amp#27;[35m[ADB]&amp#27;[39m Running '/Users/gilberto.barraza/Library/Android/sdk/platform-tools/adb -P 5037 -s emulator-5554 wait-for-device'
[debug] &amp#27;[35m[ADB]&amp#27;[39m Running '/Users/gilberto.barraza/Library/Android/sdk/platform-tools/adb -P 5037 -s emulator-5554 shell echo ping'
[debug] &amp#27;[35m[AndroidDriver]&amp#27;[39m Pushing settings apk to device...
[debug] &amp#27;[35m[ADB]&amp#27;[39m Getting install status for io.appium.settings
[debug] &amp#27;[35m[ADB]&amp#27;[39m Running '/Users/gilberto.barraza/Library/Android/sdk/platform-tools/adb -P 5037 -s emulator-5554 shell dumpsys package io.appium.settings'
[debug] &amp#27;[35m[ADB]&amp#27;[39m 'io.appium.settings' is installed
[debug] &amp#27;[35m[ADB]&amp#27;[39m Getting package info for 'io.appium.settings'
[debug] &amp#27;[35m[ADB]&amp#27;[39m Running '/Users/gilberto.barraza/Library/Android/sdk/platform-tools/adb -P 5037 -s emulator-5554 shell dumpsys package io.appium.settings'
[debug] &amp#27;[35m[ADB]&amp#27;[39m The version name of the installed 'io.appium.settings' is greater or equal to the application version name ('3.4.0' >= '3.4.0')
[debug] &amp#27;[35m[ADB]&amp#27;[39m There is no need to install/upgrade '/usr/local/lib/node_modules/appium/node_modules/io.appium.settings/apks/settings_apk-debug.apk'
[debug] &amp#27;[35m[ADB]&amp#27;[39m Getting IDs of all 'io.appium.settings' processes
[debug] &amp#27;[35m[ADB]&amp#27;[39m Running '/Users/gilberto.barraza/Library/Android/sdk/platform-tools/adb -P 5037 -s emulator-5554 shell 'pgrep --help; echo $?''
[debug] &amp#27;[35m[ADB]&amp#27;[39m Running '/Users/gilberto.barraza/Library/Android/sdk/platform-tools/adb -P 5037 -s emulator-5554 shell pgrep -f \(\[\[:blank:\]\]\|\^\)io\.appium\.settings\(\[\[:blank:\]\]\|\$\)'
[debug] &amp#27;[35m[AndroidDriver]&amp#27;[39m io.appium.settings is already running. There is no need to reset its permissions.
[debug] &amp#27;[35m[Logcat]&amp#27;[39m Starting logs capture with command: /Users/gilberto.barraza/Library/Android/sdk/platform-tools/adb -P 5037 -s emulator-5554 logcat -v threadtime
[debug] &amp#27;[35m[UiAutomator2]&amp#27;[39m Forwarding UiAutomator2 Server port 6790 to local port 8206
[debug] &amp#27;[35m[ADB]&amp#27;[39m Forwarding system: 8206 to device: 6790
[debug] &amp#27;[35m[ADB]&amp#27;[39m Running '/Users/gilberto.barraza/Library/Android/sdk/platform-tools/adb -P 5037 -s emulator-5554 forward tcp:8206 tcp:6790'
[debug] &amp#27;[35m[ADB]&amp#27;[39m Getting install status for io.appium.uiautomator2.server
[debug] &amp#27;[35m[ADB]&amp#27;[39m Running '/Users/gilberto.barraza/Library/Android/sdk/platform-tools/adb -P 5037 -s emulator-5554 shell dumpsys package io.appium.uiautomator2.server'
[debug] &amp#27;[35m[ADB]&amp#27;[39m 'io.appium.uiautomator2.server' is installed
[debug] &amp#27;[35m[ADB]&amp#27;[39m Getting package info for 'io.appium.uiautomator2.server'
[debug] &amp#27;[35m[ADB]&amp#27;[39m Running '/Users/gilberto.barraza/Library/Android/sdk/platform-tools/adb -P 5037 -s emulator-5554 shell dumpsys package io.appium.uiautomator2.server'
[debug] &amp#27;[35m[ADB]&amp#27;[39m The version name of the installed 'io.appium.uiautomator2.server' is greater or equal to the application version name ('4.27.0' >= '4.27.0')
[debug] &amp#27;[35m[UiAutomator2]&amp#27;[39m io.appium.uiautomator2.server installation state: sameVersionInstalled
[debug] &amp#27;[35m[ADB]&amp#27;[39m Checking app cert for /usr/local/lib/node_modules/appium/node_modules/appium-uiautomator2-server/apks/appium-uiautomator2-server-v4.27.0.apk
&amp#27;[35m[ADB]&amp#27;[39m Using 'apksigner.jar' from '/Users/gilberto.barraza/Library/Android/sdk/build-tools/33.0.0/lib/apksigner.jar'
[debug] &amp#27;[35m[ADB]&amp#27;[39m Starting apksigner: /Library/Java/JavaVirtualMachines/jdk-11.jdk/Contents/Home/bin/java -Xmx1024M -Xss1m -jar /Users/gilberto.barraza/Library/Android/sdk/build-tools/33.0.0/lib/apksigner.jar verify --print-certs /usr/local/lib/node_modules/appium/node_modules/appium-uiautomator2-server/apks/appium-uiautomator2-server-v4.27.0.apk
[debug] &amp#27;[35m[ADB]&amp#27;[39m apksigner stdout: Signer #1 certificate DN: EMAILADDRESS=android@android.com, CN=Android, OU=Android, O=Android, L=Mountain View, ST=California, C=US
[debug] &amp#27;[35m[ADB]&amp#27;[39m Signer #1 certificate SHA-256 digest: a40da80a59d170caa950cf15c18c454d47a39b26989d8b640ecd745ba71bf5dc
[debug] &amp#27;[35m[ADB]&amp#27;[39m Signer #1 certificate SHA-1 digest: 61ed377e85d386a8dfee6b864bd85b0bfaa5af81
[debug] &amp#27;[35m[ADB]&amp#27;[39m Signer #1 certificate MD5 digest: e89b158e4bcf988ebd09eb83f5378e87
[debug] &amp#27;[35m[ADB]&amp#27;[39m 
[debug] &amp#27;[35m[ADB]&amp#27;[39m sha256 hash did match for 'appium-uiautomator2-server-v4.27.0.apk'
&amp#27;[35m[ADB]&amp#27;[39m '/usr/local/lib/node_modules/appium/node_modules/appium-uiautomator2-server/apks/appium-uiautomator2-server-v4.27.0.apk' is signed with the default certificate
[debug] &amp#27;[35m[ADB]&amp#27;[39m Getting install status for io.appium.uiautomator2.server.test
[debug] &amp#27;[35m[ADB]&amp#27;[39m Running '/Users/gilberto.barraza/Library/Android/sdk/platform-tools/adb -P 5037 -s emulator-5554 shell dumpsys package io.appium.uiautomator2.server.test'
[debug] &amp#27;[35m[ADB]&amp#27;[39m 'io.appium.uiautomator2.server.test' is installed
[debug] &amp#27;[35m[ADB]&amp#27;[39m Checking app cert for /usr/local/lib/node_modules/appium/node_modules/appium-uiautomator2-server/apks/appium-uiautomator2-server-debug-androidTest.apk
[debug] &amp#27;[35m[ADB]&amp#27;[39m Starting apksigner: /Library/Java/JavaVirtualMachines/jdk-11.jdk/Contents/Home/bin/java -Xmx1024M -Xss1m -jar /Users/gilberto.barraza/Library/Android/sdk/build-tools/33.0.0/lib/apksigner.jar verify --print-certs /usr/local/lib/node_modules/appium/node_modules/appium-uiautomator2-server/apks/appium-uiautomator2-server-debug-androidTest.apk
[debug] &amp#27;[35m[ADB]&amp#27;[39m apksigner stdout: Signer #1 certificate DN: EMAILADDRESS=android@android.com, CN=Android, OU=Android, O=Android, L=Mountain View, ST=California, C=US
[debug] &amp#27;[35m[ADB]&amp#27;[39m Signer #1 certificate SHA-256 digest: a40da80a59d170caa950cf15c18c454d47a39b26989d8b640ecd745ba71bf5dc
[debug] &amp#27;[35m[ADB]&amp#27;[39m Signer #1 certificate SHA-1 digest: 61ed377e85d386a8dfee6b864bd85b0bfaa5af81
[debug] &amp#27;[35m[ADB]&amp#27;[39m Signer #1 certificate MD5 digest: e89b158e4bcf988ebd09eb83f5378e87
[debug] &amp#27;[35m[ADB]&amp#27;[39m 
[debug] &amp#27;[35m[ADB]&amp#27;[39m sha256 hash did match for 'appium-uiautomator2-server-debug-androidTest.apk'
&amp#27;[35m[ADB]&amp#27;[39m '/usr/local/lib/node_modules/appium/node_modules/appium-uiautomator2-server/apks/appium-uiautomator2-server-debug-androidTest.apk' is signed with the default certificate
&amp#27;[35m[UiAutomator2]&amp#27;[39m Server packages are not going to be (re)installed
[debug] &amp#27;[35m[UiAutomator2]&amp#27;[39m Waiting up to 30000ms for services to be available
[debug] &amp#27;[35m[ADB]&amp#27;[39m Running '/Users/gilberto.barraza/Library/Android/sdk/platform-tools/adb -P 5037 -s emulator-5554 shell pm list instrumentation'
[debug] &amp#27;[35m[UiAutomator2]&amp#27;[39m Instrumentation target 'io.appium.uiautomator2.server.test/androidx.test.runner.AndroidJUnitRunner' is available
&amp#27;[35m[ADB]&amp#27;[39m Adding packages ["io.appium.settings","io.appium.uiautomator2.server","io.appium.uiautomator2.server.test"] to Doze whitelist
[debug] &amp#27;[35m[ADB]&amp#27;[39m Got the following command chunks to execute: [["dumpsys","deviceidle","whitelist","+io.appium.settings",";","dumpsys","deviceidle","whitelist","+io.appium.uiautomator2.server",";","dumpsys","deviceidle","whitelist","+io.appium.uiautomator2.server.test",";"]]
[debug] &amp#27;[35m[ADB]&amp#27;[39m Running '/Users/gilberto.barraza/Library/Android/sdk/platform-tools/adb -P 5037 -s emulator-5554 shell dumpsys deviceidle whitelist +io.appium.settings ; dumpsys deviceidle whitelist +io.appium.uiautomator2.server ; dumpsys deviceidle whitelist +io.appium.uiautomator2.server.test ;'
[debug] &amp#27;[35m[ADB]&amp#27;[39m Checking app cert for /Users/gilberto.barraza/Desktop/MobileAutomation/WizelineWorkspace/DemoProject/src/test/java/com/swaglabsmobileapp/Resources/Android.SauceLabs.Mobile.Sample.app.2.7.1.apk
[debug] &amp#27;[35m[ADB]&amp#27;[39m Starting apksigner: /Library/Java/JavaVirtualMachines/jdk-11.jdk/Contents/Home/bin/java -Xmx1024M -Xss1m -jar /Users/gilberto.barraza/Library/Android/sdk/build-tools/33.0.0/lib/apksigner.jar verify --print-certs /Users/gilberto.barraza/Desktop/MobileAutomation/WizelineWorkspace/DemoProject/src/test/java/com/swaglabsmobileapp/Resources/Android.SauceLabs.Mobile.Sample.app.2.7.1.apk
[debug] &amp#27;[35m[ADB]&amp#27;[39m apksigner stdout: Signer #1 certificate DN: CN=wswebcreation, OU=sample-app, O=Sauce Labs, L=San Francisco, ST=California, C=CA
[debug] &amp#27;[35m[ADB]&amp#27;[39m Signer #1 certificate SHA-256 digest: 24fd76156cde9748f50e68dbdafde6498ec4beaa41316438d06ffdde41ce7a3d
[debug] &amp#27;[35m[ADB]&amp#27;[39m Signer #1 certificate SHA-1 digest: 2a1a91b5b813edbd94986bffb8398349b9b504e0
[debug] &amp#27;[35m[ADB]&amp#27;[39m Signer #1 certificate MD5 digest: ac89c8eda61ba1f13ee22bae56d13abc
[debug] &amp#27;[35m[ADB]&amp#27;[39m 
&amp#27;[35m[ADB]&amp#27;[39m '/Users/gilberto.barraza/Desktop/MobileAutomation/WizelineWorkspace/DemoProject/src/test/java/com/swaglabsmobileapp/Resources/Android.SauceLabs.Mobile.Sample.app.2.7.1.apk' is signed with a non-default certificate
[debug] &amp#27;[35m[ADB]&amp#27;[39m Getting install status for com.swaglabsmobileapp
[debug] &amp#27;[35m[ADB]&amp#27;[39m Running '/Users/gilberto.barraza/Library/Android/sdk/platform-tools/adb -P 5037 -s emulator-5554 shell dumpsys package com.swaglabsmobileapp'
[debug] &amp#27;[35m[ADB]&amp#27;[39m 'com.swaglabsmobileapp' is installed
[debug] &amp#27;[35m[ADB]&amp#27;[39m Getting package info for 'com.swaglabsmobileapp'
[debug] &amp#27;[35m[ADB]&amp#27;[39m Running '/Users/gilberto.barraza/Library/Android/sdk/platform-tools/adb -P 5037 -s emulator-5554 shell dumpsys package com.swaglabsmobileapp'
[debug] &amp#27;[35m[ADB]&amp#27;[39m The version name of the installed 'com.swaglabsmobileapp' is greater or equal to the application version name ('2.7.1' >= '2.7.1')
[debug] &amp#27;[35m[ADB]&amp#27;[39m There is no need to install/upgrade '/Users/gilberto.barraza/Desktop/MobileAutomation/WizelineWorkspace/DemoProject/src/test/java/com/swaglabsmobileapp/Resources/Android.SauceLabs.Mobile.Sample.app.2.7.1.apk'
&amp#27;[35m[AndroidDriver]&amp#27;[39m Performing fast reset on 'com.swaglabsmobileapp'
[debug] &amp#27;[35m[ADB]&amp#27;[39m Getting install status for com.swaglabsmobileapp
[debug] &amp#27;[35m[ADB]&amp#27;[39m Running '/Users/gilberto.barraza/Library/Android/sdk/platform-tools/adb -P 5037 -s emulator-5554 shell dumpsys package com.swaglabsmobileapp'
[debug] &amp#27;[35m[ADB]&amp#27;[39m 'com.swaglabsmobileapp' is installed
[debug] &amp#27;[35m[ADB]&amp#27;[39m Running '/Users/gilberto.barraza/Library/Android/sdk/platform-tools/adb -P 5037 -s emulator-5554 shell am force-stop com.swaglabsmobileapp'
[debug] &amp#27;[35m[ADB]&amp#27;[39m Running '/Users/gilberto.barraza/Library/Android/sdk/platform-tools/adb -P 5037 -s emulator-5554 shell pm clear com.swaglabsmobileapp'
[debug] &amp#27;[35m[AndroidDriver]&amp#27;[39m Performed fast reset on the installed 'com.swaglabsmobileapp' application (stop and clear)
[debug] &amp#27;[35m[UiAutomator2]&amp#27;[39m Performing shallow cleanup of automation leftovers
[debug] &amp#27;[35m[UiAutomator2]&amp#27;[39m No obsolete sessions have been detected (socket hang up)
[debug] &amp#27;[35m[ADB]&amp#27;[39m Running '/Users/gilberto.barraza/Library/Android/sdk/platform-tools/adb -P 5037 -s emulator-5554 shell am force-stop io.appium.uiautomator2.server.test'
&amp#27;[35m[UiAutomator2]&amp#27;[39m Starting UIAutomator2 server 4.27.0
&amp#27;[35m[UiAutomator2]&amp#27;[39m Using UIAutomator2 server from '/usr/local/lib/node_modules/appium/node_modules/appium-uiautomator2-server/apks/appium-uiautomator2-server-v4.27.0.apk' and test from '/usr/local/lib/node_modules/appium/node_modules/appium-uiautomator2-server/apks/appium-uiautomator2-server-debug-androidTest.apk'
&amp#27;[35m[UiAutomator2]&amp#27;[39m Waiting up to 30000ms for UiAutomator2 to be online...
[debug] &amp#27;[35m[ADB]&amp#27;[39m Creating ADB subprocess with args: ["-P",5037,"-s","emulator-5554","shell","am","instrument","-w","-e","disableAnalytics",true,"io.appium.uiautomator2.server.test/androidx.test.runner.AndroidJUnitRunner"]
[debug] &amp#27;[35m[WD Proxy]&amp#27;[39m Matched '/status' to command name 'getStatus'
[debug] &amp#27;[35m[WD Proxy]&amp#27;[39m Proxying [GET /status] to [GET http://127.0.0.1:8206/wd/hub/status] with no body
&amp#27;[35m[WD Proxy]&amp#27;[39m socket hang up
[debug] &amp#27;[35m[Instrumentation]&amp#27;[39m io.appium.uiautomator2.server.test.AppiumUiAutomator2Server:
[debug] &amp#27;[35m[WD Proxy]&amp#27;[39m Matched '/status' to command name 'getStatus'
[debug] &amp#27;[35m[WD Proxy]&amp#27;[39m Proxying [GET /status] to [GET http://127.0.0.1:8206/wd/hub/status] with no body
&amp#27;[35m[WD Proxy]&amp#27;[39m socket hang up
[debug] &amp#27;[35m[WD Proxy]&amp#27;[39m Matched '/status' to command name 'getStatus'
[debug] &amp#27;[35m[WD Proxy]&amp#27;[39m Proxying [GET /status] to [GET http://127.0.0.1:8206/wd/hub/status] with no body
[debug] &amp#27;[35m[WD Proxy]&amp#27;[39m Got response with status 200: {"sessionId":"None","value":{"message":"UiAutomator2 Server is ready to accept commands","ready":true}}
[debug] &amp#27;[35m[UiAutomator2]&amp#27;[39m The initialization of the instrumentation process took 2058ms
[debug] &amp#27;[35m[WD Proxy]&amp#27;[39m Matched '/session' to command name 'createSession'
[debug] &amp#27;[35m[WD Proxy]&amp#27;[39m Proxying [POST /session] to [POST http://127.0.0.1:8206/wd/hub/session] with body: {"capabilities":{"firstMatch":[{"platform":"LINUX","webStorageEnabled":false,"takesScreenshot":true,"javascriptEnabled":true,"databaseEnabled":false,"networkConnectionEnabled":true,"locationContextEnabled":false,"warnings":{},"desired":{"platformName":"android","app":"/Users/gilberto.barraza/Desktop/MobileAutomation/WizelineWorkspace/DemoProject/src/test/java/com/swaglabsmobileapp/Resources/Android.SauceLabs.Mobile.Sample.app.2.7.1.apk","appActivity":"com.swaglabsmobileapp.MainActivity","automationName":"uiautomator2","clearSystemFiles":true,"deviceName":"pixel_5_API_29","platformVersion":"10"},"platformName":"android","app":"/Users/gilberto.barraza/Desktop/MobileAutomation/WizelineWorkspace/DemoProject/src/test/java/com/swaglabsmobileapp/Resources/Android.SauceLabs.Mobile.Sample.app.2.7.1.apk","appActivity":"com.swaglabsmobileapp.MainActivity","automationName":"uiautomator2","clearSystemFiles":true,"deviceName":"emulator-5554","platformVersion":"10","deviceUDID":"emulator-5554","appPackage":"com.swaglabsm...
[debug] &amp#27;[35m[WD Proxy]&amp#27;[39m Got response with status 200: {"sessionId":"38d4a0a0-b2a3-421e-90b8-64091c13973b","value":{"capabilities":{"firstMatch":[{"platform":"LINUX","webStorageEnabled":false,"takesScreenshot":true,"javascriptEnabled":true,"databaseEnabled":false,"networkConnectionEnabled":true,"locationContextEnabled":false,"warnings":{},"desired":{"platformName":"android","app":"/Users/gilberto.barraza/Desktop/MobileAutomation/WizelineWorkspace/DemoProject/src/test/java/com/swaglabsmobileapp/Resources/Android.SauceLabs.Mobile.Sample.app.2.7.1.apk","appActivity":"com.swaglabsmobileapp.MainActivity","automationName":"uiautomator2","clearSystemFiles":true,"deviceName":"pixel_5_API_29","platformVersion":"10"},"platformName":"android","app":"/Users/gilberto.barraza/Desktop/MobileAutomation/WizelineWorkspace/DemoProject/src/test/java/com/swaglabsmobileapp/Resources/Android.SauceLabs.Mobile.Sample.app.2.7.1.apk","appActivity":"com.swaglabsmobileapp.MainActivity","automationName":"uiautomator2","clearSystemFiles":true,"deviceName":"emulator-5554","platformVersion":"...
&amp#27;[35m[WD Proxy]&amp#27;[39m Determined the downstream protocol as 'W3C'
[debug] &amp#27;[35m[WD Proxy]&amp#27;[39m Proxying [GET /appium/device/info] to [GET http://127.0.0.1:8206/wd/hub/session/38d4a0a0-b2a3-421e-90b8-64091c13973b/appium/device/info] with no body
[debug] &amp#27;[35m[WD Proxy]&amp#27;[39m Got response with status 200: {"sessionId":"38d4a0a0-b2a3-421e-90b8-64091c13973b","value":{"androidId":"216c1edaadcaebb8","apiVersion":"29","bluetooth":null,"brand":"google","carrierName":"Android","displayDensity":440,"locale":"en_US","manufacturer":"Google","model":"Android SDK built for arm64","networks":[{"capabilities":{"SSID":null,"linkDownBandwidthKbps":1048576,"linkUpstreamBandwidthKbps":1048576,"networkCapabilities":"NET_CAPABILITY_NOT_METERED,NET_CAPABILITY_INTERNET,NET_CAPABILITY_NOT_RESTRICTED,NET_CAPABILITY_TRUSTED,NET_CAPABILITY_NOT_VPN,NET_CAPABILITY_VALIDATED,NET_CAPABILITY_NOT_ROAMING,NET_CAPABILITY_FOREGROUND,NET_CAPABILITY_NOT_CONGESTED,NET_CAPABILITY_NOT_SUSPENDED","signalStrength":-30,"transportTypes":"TRANSPORT_WIFI"},"detailedState":"CONNECTED","extraInfo":null,"isAvailable":true,"isConnected":true,"isFailover":false,"isRoaming":false,"state":"CONNECTED","subtype":0,"subtypeName":"","type":1,"typeName":"WIFI"},{"capabilities":{"SSID":null,"linkDownBandwidthKbps":102400,"linkUpstreamBandwidthKbps":51200,"networkCa...
[debug] &amp#27;[35m[ADB]&amp#27;[39m Running '/Users/gilberto.barraza/Library/Android/sdk/platform-tools/adb -P 5037 -s emulator-5554 shell dumpsys window'
&amp#27;[35m[AndroidDriver]&amp#27;[39m Screen already unlocked, doing nothing
&amp#27;[35m[UiAutomator2]&amp#27;[39m Starting 'com.swaglabsmobileapp/com.swaglabsmobileapp.MainActivity and waiting for 'com.swaglabsmobileapp/com.swaglabsmobileapp.MainActivity'
[debug] &amp#27;[35m[ADB]&amp#27;[39m Running '/Users/gilberto.barraza/Library/Android/sdk/platform-tools/adb -P 5037 -s emulator-5554 shell am start -W -n com.swaglabsmobileapp/com.swaglabsmobileapp.MainActivity -S -a android.intent.action.MAIN -c android.intent.category.LAUNCHER -f 0x10200000'
[debug] &amp#27;[35m[ADB]&amp#27;[39m Waiting up to 20000ms for activity matching pkg: 'com.swaglabsmobileapp' and activity: 'com.swaglabsmobileapp.MainActivity' to be focused
[debug] &amp#27;[35m[ADB]&amp#27;[39m Possible activities, to be checked: 'com.swaglabsmobileapp.MainActivity', 'com.swaglabsmobileapp.com.swaglabsmobileapp.MainActivity'
[debug] &amp#27;[35m[ADB]&amp#27;[39m Getting focused package and activity
[debug] &amp#27;[35m[ADB]&amp#27;[39m Running '/Users/gilberto.barraza/Library/Android/sdk/platform-tools/adb -P 5037 -s emulator-5554 shell dumpsys window displays'
[debug] &amp#27;[35m[ADB]&amp#27;[39m Found package: 'com.swaglabsmobileapp' and fully qualified activity name : 'com.swaglabsmobileapp.MainActivity'
[debug] &amp#27;[35m[WD Proxy]&amp#27;[39m Proxying [GET /appium/device/pixel_ratio] to [GET http://127.0.0.1:8206/wd/hub/session/38d4a0a0-b2a3-421e-90b8-64091c13973b/appium/device/pixel_ratio] with no body
[debug] &amp#27;[35m[WD Proxy]&amp#27;[39m Got response with status 200: {"sessionId":"38d4a0a0-b2a3-421e-90b8-64091c13973b","value":2.75}
[debug] &amp#27;[35m[WD Proxy]&amp#27;[39m Matched '/appium/device/system_bars' to command name 'getSystemBars'
[debug] &amp#27;[35m[WD Proxy]&amp#27;[39m Proxying [GET /appium/device/system_bars] to [GET http://127.0.0.1:8206/wd/hub/session/38d4a0a0-b2a3-421e-90b8-64091c13973b/appium/device/system_bars] with no body
[debug] &amp#27;[35m[WD Proxy]&amp#27;[39m Got response with status 200: {"sessionId":"38d4a0a0-b2a3-421e-90b8-64091c13973b","value":{"statusBar":66}}
[debug] &amp#27;[35m[WD Proxy]&amp#27;[39m Matched '/window/current/size' to command name 'getWindowSize'
[debug] &amp#27;[35m[WD Proxy]&amp#27;[39m Proxying [GET /window/current/size] to [GET http://127.0.0.1:8206/wd/hub/session/38d4a0a0-b2a3-421e-90b8-64091c13973b/window/current/size] with no body
[debug] &amp#27;[35m[WD Proxy]&amp#27;[39m Got response with status 200: {"sessionId":"38d4a0a0-b2a3-421e-90b8-64091c13973b","value":{"height":2208,"width":1080}}
&amp#27;[35m[Appium]&amp#27;[39m New AndroidUiautomator2Driver session created successfully, session cc6f4608-51bd-405a-a86e-3acbc4d65c8a added to master session list
[debug] &amp#27;[35m[BaseDriver]&amp#27;[39m Event 'newSessionStarted' logged at 1705957599714 (15:06:39 GMT-0600 (Central Standard Time))
[debug] &amp#27;[35m[W3C (cc6f4608)]&amp#27;[39m Cached the protocol value 'W3C' for the new session cc6f4608-51bd-405a-a86e-3acbc4d65c8a
[debug] &amp#27;[35m[W3C (cc6f4608)]&amp#27;[39m Responding to client with driver.createSession() result: {"capabilities":{"platform":"LINUX","webStorageEnabled":false,"takesScreenshot":true,"javascriptEnabled":true,"databaseEnabled":false,"networkConnectionEnabled":true,"locationContextEnabled":false,"warnings":{},"desired":{"platformName":"android","app":"/Users/gilberto.barraza/Desktop/MobileAutomation/WizelineWorkspace/DemoProject/src/test/java/com/swaglabsmobileapp/Resources/Android.SauceLabs.Mobile.Sample.app.2.7.1.apk","appActivity":"com.swaglabsmobileapp.MainActivity","automationName":"uiautomator2","clearSystemFiles":true,"deviceName":"pixel_5_API_29","platformVersion":"10"},"platformName":"android","app":"/Users/gilberto.barraza/Desktop/MobileAutomation/WizelineWorkspace/DemoProject/src/test/java/com/swaglabsmobileapp/Resources/Android.SauceLabs.Mobile.Sample.app.2.7.1.apk","appActivity":"com.swaglabsmobileapp.MainActivity","automationName":"uiautomator2","clearSystemFiles":true,"deviceName":"emulator-5554","platformVersion":"10","deviceUDID":"emulator-5554","appPackage":"com.swaglabsmobileapp","devi...
&amp#27;[35m[HTTP]&amp#27;[39m &amp#27;[37m<-- POST /wd/hub/session &amp#27;[39m&amp#27;[32m200&amp#27;[39m &amp#27;[90m5355 ms - 1328&amp#27;[39m
&amp#27;[35m[HTTP]&amp#27;[39m &amp#27;[90m&amp#27;[39m
&amp#27;[35m[HTTP]&amp#27;[39m &amp#27;[37m-->&amp#27;[39m &amp#27;[37mPOST&amp#27;[39m &amp#27;[37m/wd/hub/session/cc6f4608-51bd-405a-a86e-3acbc4d65c8a/timeouts&amp#27;[39m
&amp#27;[35m[HTTP]&amp#27;[39m &amp#27;[90m{"implicit":10000}&amp#27;[39m
[debug] &amp#27;[35m[W3C (cc6f4608)]&amp#27;[39m Calling AppiumDriver.timeouts() with args: [null,null,null,null,10000,"cc6f4608-51bd-405a-a86e-3acbc4d65c8a"]
[debug] &amp#27;[35m[BaseDriver]&amp#27;[39m W3C timeout argument: {"implicit":10000}}
[debug] &amp#27;[35m[BaseDriver]&amp#27;[39m Set implicit wait to 10000ms
[debug] &amp#27;[35m[W3C (cc6f4608)]&amp#27;[39m Responding to client with driver.timeouts() result: null
&amp#27;[35m[HTTP]&amp#27;[39m &amp#27;[37m<-- POST /wd/hub/session/cc6f4608-51bd-405a-a86e-3acbc4d65c8a/timeouts &amp#27;[39m&amp#27;[32m200&amp#27;[39m &amp#27;[90m1 ms - 14&amp#27;[39m
&amp#27;[35m[HTTP]&amp#27;[39m &amp#27;[90m&amp#27;[39m
[{user_locked=locked_out_user, password=secret_sauce, user_problem=problem_user, user_valid=standard_user}]
&amp#27;[35m[HTTP]&amp#27;[39m &amp#27;[37m-->&amp#27;[39m &amp#27;[37mPOST&amp#27;[39m &amp#27;[37m/wd/hub/session/cc6f4608-51bd-405a-a86e-3acbc4d65c8a/appium/device/start_activity&amp#27;[39m
&amp#27;[35m[HTTP]&amp#27;[39m &amp#27;[90m{"appPackage":"com.swaglabsmobileapp","appActivity":"com.swaglabsmobileapp.MainActivity","appWaitPackage":"","appWaitActivity":"","dontStopAppOnReset":false,"intentAction":"","intentCategory":"","intentFlags":"","optionalIntentArguments":""}&amp#27;[39m
[debug] &amp#27;[35m[W3C (cc6f4608)]&amp#27;[39m Calling AppiumDriver.startActivity() with args: ["com.swaglabsmobileapp","com.swaglabsmobileapp.MainActivity","","","","","","",false,null,null,"cc6f4608-51bd-405a-a86e-3acbc4d65c8a"]
[debug] &amp#27;[35m[AndroidDriver]&amp#27;[39m Starting package 'com.swaglabsmobileapp' and activity 'com.swaglabsmobileapp.MainActivity'
[debug] &amp#27;[35m[ADB]&amp#27;[39m Running '/Users/gilberto.barraza/Library/Android/sdk/platform-tools/adb -P 5037 -s emulator-5554 shell am start -W -n com.swaglabsmobileapp/com.swaglabsmobileapp.MainActivity -S'
[debug] &amp#27;[35m[ADB]&amp#27;[39m Waiting up to 20000ms for activity matching pkg: 'com.swaglabsmobileapp' and activity: 'com.swaglabsmobileapp.MainActivity' to be focused
[debug] &amp#27;[35m[ADB]&amp#27;[39m Possible activities, to be checked: 'com.swaglabsmobileapp.MainActivity', 'com.swaglabsmobileapp.com.swaglabsmobileapp.MainActivity'
[debug] &amp#27;[35m[ADB]&amp#27;[39m Getting focused package and activity
[debug] &amp#27;[35m[ADB]&amp#27;[39m Running '/Users/gilberto.barraza/Library/Android/sdk/platform-tools/adb -P 5037 -s emulator-5554 shell dumpsys window displays'
[debug] &amp#27;[35m[ADB]&amp#27;[39m Found package: 'com.swaglabsmobileapp' and fully qualified activity name : 'com.swaglabsmobileapp.MainActivity'
[debug] &amp#27;[35m[W3C (cc6f4608)]&amp#27;[39m Responding to client with driver.startActivity() result: null
&amp#27;[35m[HTTP]&amp#27;[39m &amp#27;[37m<-- POST /wd/hub/session/cc6f4608-51bd-405a-a86e-3acbc4d65c8a/appium/device/start_activity &amp#27;[39m&amp#27;[32m200&amp#27;[39m &amp#27;[90m737 ms - 14&amp#27;[39m
&amp#27;[35m[HTTP]&amp#27;[39m &amp#27;[90m&amp#27;[39m
&amp#27;[35m[HTTP]&amp#27;[39m &amp#27;[37m-->&amp#27;[39m &amp#27;[37mGET&amp#27;[39m &amp#27;[37m/wd/hub/session/cc6f4608-51bd-405a-a86e-3acbc4d65c8a/context&amp#27;[39m
&amp#27;[35m[HTTP]&amp#27;[39m &amp#27;[90m{}&amp#27;[39m
[debug] &amp#27;[35m[W3C (cc6f4608)]&amp#27;[39m Calling AppiumDriver.getCurrentContext() with args: ["cc6f4608-51bd-405a-a86e-3acbc4d65c8a"]
[debug] &amp#27;[35m[W3C (cc6f4608)]&amp#27;[39m Responding to client with driver.getCurrentContext() result: "NATIVE_APP"
&amp#27;[35m[HTTP]&amp#27;[39m &amp#27;[37m<-- GET /wd/hub/session/cc6f4608-51bd-405a-a86e-3acbc4d65c8a/context &amp#27;[39m&amp#27;[32m200&amp#27;[39m &amp#27;[90m3 ms - 22&amp#27;[39m
&amp#27;[35m[HTTP]&amp#27;[39m &amp#27;[90m&amp#27;[39m
&amp#27;[35m[HTTP]&amp#27;[39m &amp#27;[37m-->&amp#27;[39m &amp#27;[37mPOST&amp#27;[39m &amp#27;[37m/wd/hub/session/cc6f4608-51bd-405a-a86e-3acbc4d65c8a/element&amp#27;[39m
&amp#27;[35m[HTTP]&amp#27;[39m &amp#27;[90m{"using":"xpath","value":"//android.widget.EditText[@content-desc='test-Username']"}&amp#27;[39m
[debug] &amp#27;[35m[W3C (cc6f4608)]&amp#27;[39m Calling AppiumDriver.findElement() with args: ["xpath","//android.widget.EditText[@content-desc='test-Username']","cc6f4608-51bd-405a-a86e-3acbc4d65c8a"]
[debug] &amp#27;[35m[BaseDriver]&amp#27;[39m Valid locator strategies for this request: xpath, id, class name, accessibility id, css selector, -android uiautomator
[debug] &amp#27;[35m[BaseDriver]&amp#27;[39m Waiting up to 10000 ms for condition
[debug] &amp#27;[35m[WD Proxy]&amp#27;[39m Matched '/element' to command name 'findElement'
[debug] &amp#27;[35m[WD Proxy]&amp#27;[39m Proxying [POST /element] to [POST http://127.0.0.1:8206/wd/hub/session/38d4a0a0-b2a3-421e-90b8-64091c13973b/element] with body: {"strategy":"xpath","selector":"//android.widget.EditText[@content-desc='test-Username']","context":"","multiple":false}
[debug] &amp#27;[35m[WD Proxy]&amp#27;[39m Got response with status 200: {"sessionId":"38d4a0a0-b2a3-421e-90b8-64091c13973b","value":{"ELEMENT":"00000000-0000-0402-ffff-ffff0000002b","element-6066-11e4-a52e-4f735466cecf":"00000000-0000-0402-ffff-ffff0000002b"}}
[debug] &amp#27;[35m[W3C (cc6f4608)]&amp#27;[39m Responding to client with driver.findElement() result: {"element-6066-11e4-a52e-4f735466cecf":"00000000-0000-0402-ffff-ffff0000002b","ELEMENT":"00000000-0000-0402-ffff-ffff0000002b"}
&amp#27;[35m[HTTP]&amp#27;[39m &amp#27;[37m<-- POST /wd/hub/session/cc6f4608-51bd-405a-a86e-3acbc4d65c8a/element &amp#27;[39m&amp#27;[32m200&amp#27;[39m &amp#27;[90m887 ms - 137&amp#27;[39m
&amp#27;[35m[HTTP]&amp#27;[39m &amp#27;[90m&amp#27;[39m
&amp#27;[35m[HTTP]&amp#27;[39m &amp#27;[37m-->&amp#27;[39m &amp#27;[37mPOST&amp#27;[39m &amp#27;[37m/wd/hub/session/cc6f4608-51bd-405a-a86e-3acbc4d65c8a/element/00000000-0000-0402-ffff-ffff0000002b/value&amp#27;[39m
&amp#27;[35m[HTTP]&amp#27;[39m &amp#27;[90m{"id":"00000000-0000-0402-ffff-ffff0000002b","text":"standard_user","value":["s","t","a","n","d","a","r","d","_","u","s","e","r"]}&amp#27;[39m
[debug] &amp#27;[35m[W3C (cc6f4608)]&amp#27;[39m Calling AppiumDriver.setValue() with args: [["s","t","a","n","d","a","r","d","_","u","s","e","r"],"00000000-0000-0402-ffff-ffff0000002b","cc6f4608-51bd-405a-a86e-3acbc4d65c8a"]
[debug] &amp#27;[35m[WD Proxy]&amp#27;[39m Matched '/element/00000000-0000-0402-ffff-ffff0000002b/value' to command name 'setValue'
[debug] &amp#27;[35m[Protocol Converter]&amp#27;[39m Added 'value' property ["s","t","a","n","d","a","r","d","_","u","s","e","r"] to 'setValue' request body
[debug] &amp#27;[35m[WD Proxy]&amp#27;[39m Proxying [POST /element/00000000-0000-0402-ffff-ffff0000002b/value] to [POST http://127.0.0.1:8206/wd/hub/session/38d4a0a0-b2a3-421e-90b8-64091c13973b/element/00000000-0000-0402-ffff-ffff0000002b/value] with body: {"elementId":"00000000-0000-0402-ffff-ffff0000002b","text":"standard_user","replace":false,"value":["s","t","a","n","d","a","r","d","_","u","s","e","r"]}
[debug] &amp#27;[35m[WD Proxy]&amp#27;[39m Got response with status 200: {"sessionId":"38d4a0a0-b2a3-421e-90b8-64091c13973b","value":null}
[debug] &amp#27;[35m[W3C (cc6f4608)]&amp#27;[39m Responding to client with driver.setValue() result: null
&amp#27;[35m[HTTP]&amp#27;[39m &amp#27;[37m<-- POST /wd/hub/session/cc6f4608-51bd-405a-a86e-3acbc4d65c8a/element/00000000-0000-0402-ffff-ffff0000002b/value &amp#27;[39m&amp#27;[32m200&amp#27;[39m &amp#27;[90m516 ms - 14&amp#27;[39m
&amp#27;[35m[HTTP]&amp#27;[39m &amp#27;[90m&amp#27;[39m
&amp#27;[35m[HTTP]&amp#27;[39m &amp#27;[37m-->&amp#27;[39m &amp#27;[37mGET&amp#27;[39m &amp#27;[37m/wd/hub/session/cc6f4608-51bd-405a-a86e-3acbc4d65c8a/context&amp#27;[39m
&amp#27;[35m[HTTP]&amp#27;[39m &amp#27;[90m{}&amp#27;[39m
[debug] &amp#27;[35m[W3C (cc6f4608)]&amp#27;[39m Calling AppiumDriver.getCurrentContext() with args: ["cc6f4608-51bd-405a-a86e-3acbc4d65c8a"]
[debug] &amp#27;[35m[W3C (cc6f4608)]&amp#27;[39m Responding to client with driver.getCurrentContext() result: "NATIVE_APP"
&amp#27;[35m[HTTP]&amp#27;[39m &amp#27;[37m<-- GET /wd/hub/session/cc6f4608-51bd-405a-a86e-3acbc4d65c8a/context &amp#27;[39m&amp#27;[32m200&amp#27;[39m &amp#27;[90m1 ms - 22&amp#27;[39m
&amp#27;[35m[HTTP]&amp#27;[39m &amp#27;[90m&amp#27;[39m
&amp#27;[35m[HTTP]&amp#27;[39m &amp#27;[37m-->&amp#27;[39m &amp#27;[37mPOST&amp#27;[39m &amp#27;[37m/wd/hub/session/cc6f4608-51bd-405a-a86e-3acbc4d65c8a/element&amp#27;[39m
&amp#27;[35m[HTTP]&amp#27;[39m &amp#27;[90m{"using":"xpath","value":"//android.widget.EditText[@content-desc='test-Password']"}&amp#27;[39m
[debug] &amp#27;[35m[W3C (cc6f4608)]&amp#27;[39m Calling AppiumDriver.findElement() with args: ["xpath","//android.widget.EditText[@content-desc='test-Password']","cc6f4608-51bd-405a-a86e-3acbc4d65c8a"]
[debug] &amp#27;[35m[BaseDriver]&amp#27;[39m Valid locator strategies for this request: xpath, id, class name, accessibility id, css selector, -android uiautomator
[debug] &amp#27;[35m[BaseDriver]&amp#27;[39m Waiting up to 10000 ms for condition
[debug] &amp#27;[35m[WD Proxy]&amp#27;[39m Matched '/element' to command name 'findElement'
[debug] &amp#27;[35m[WD Proxy]&amp#27;[39m Proxying [POST /element] to [POST http://127.0.0.1:8206/wd/hub/session/38d4a0a0-b2a3-421e-90b8-64091c13973b/element] with body: {"strategy":"xpath","selector":"//android.widget.EditText[@content-desc='test-Password']","context":"","multiple":false}
[debug] &amp#27;[35m[WD Proxy]&amp#27;[39m Got response with status 200: {"sessionId":"38d4a0a0-b2a3-421e-90b8-64091c13973b","value":{"ELEMENT":"00000000-0000-0402-ffff-ffff0000002e","element-6066-11e4-a52e-4f735466cecf":"00000000-0000-0402-ffff-ffff0000002e"}}
[debug] &amp#27;[35m[W3C (cc6f4608)]&amp#27;[39m Responding to client with driver.findElement() result: {"element-6066-11e4-a52e-4f735466cecf":"00000000-0000-0402-ffff-ffff0000002e","ELEMENT":"00000000-0000-0402-ffff-ffff0000002e"}
&amp#27;[35m[HTTP]&amp#27;[39m &amp#27;[37m<-- POST /wd/hub/session/cc6f4608-51bd-405a-a86e-3acbc4d65c8a/element &amp#27;[39m&amp#27;[32m200&amp#27;[39m &amp#27;[90m38 ms - 137&amp#27;[39m
&amp#27;[35m[HTTP]&amp#27;[39m &amp#27;[90m&amp#27;[39m
&amp#27;[35m[HTTP]&amp#27;[39m &amp#27;[37m-->&amp#27;[39m &amp#27;[37mPOST&amp#27;[39m &amp#27;[37m/wd/hub/session/cc6f4608-51bd-405a-a86e-3acbc4d65c8a/element/00000000-0000-0402-ffff-ffff0000002e/value&amp#27;[39m
&amp#27;[35m[HTTP]&amp#27;[39m &amp#27;[90m{"id":"00000000-0000-0402-ffff-ffff0000002e","text":"secret_sauce","value":["s","e","c","r","e","t","_","s","a","u","c","e"]}&amp#27;[39m
[debug] &amp#27;[35m[W3C (cc6f4608)]&amp#27;[39m Calling AppiumDriver.setValue() with args: [["s","e","c","r","e","t","_","s","a","u","c","e"],"00000000-0000-0402-ffff-ffff0000002e","cc6f4608-51bd-405a-a86e-3acbc4d65c8a"]
[debug] &amp#27;[35m[WD Proxy]&amp#27;[39m Matched '/element/00000000-0000-0402-ffff-ffff0000002e/value' to command name 'setValue'
[debug] &amp#27;[35m[Protocol Converter]&amp#27;[39m Added 'value' property ["s","e","c","r","e","t","_","s","a","u","c","e"] to 'setValue' request body
[debug] &amp#27;[35m[WD Proxy]&amp#27;[39m Proxying [POST /element/00000000-0000-0402-ffff-ffff0000002e/value] to [POST http://127.0.0.1:8206/wd/hub/session/38d4a0a0-b2a3-421e-90b8-64091c13973b/element/00000000-0000-0402-ffff-ffff0000002e/value] with body: {"elementId":"00000000-0000-0402-ffff-ffff0000002e","text":"secret_sauce","replace":false,"value":["s","e","c","r","e","t","_","s","a","u","c","e"]}
[debug] &amp#27;[35m[WD Proxy]&amp#27;[39m Got response with status 200: {"sessionId":"38d4a0a0-b2a3-421e-90b8-64091c13973b","value":null}
[debug] &amp#27;[35m[W3C (cc6f4608)]&amp#27;[39m Responding to client with driver.setValue() result: null
&amp#27;[35m[HTTP]&amp#27;[39m &amp#27;[37m<-- POST /wd/hub/session/cc6f4608-51bd-405a-a86e-3acbc4d65c8a/element/00000000-0000-0402-ffff-ffff0000002e/value &amp#27;[39m&amp#27;[32m200&amp#27;[39m &amp#27;[90m1048 ms - 14&amp#27;[39m
&amp#27;[35m[HTTP]&amp#27;[39m &amp#27;[90m&amp#27;[39m
&amp#27;[35m[HTTP]&amp#27;[39m &amp#27;[37m-->&amp#27;[39m &amp#27;[37mGET&amp#27;[39m &amp#27;[37m/wd/hub/session/cc6f4608-51bd-405a-a86e-3acbc4d65c8a/context&amp#27;[39m
&amp#27;[35m[HTTP]&amp#27;[39m &amp#27;[90m{}&amp#27;[39m
[debug] &amp#27;[35m[W3C (cc6f4608)]&amp#27;[39m Calling AppiumDriver.getCurrentContext() with args: ["cc6f4608-51bd-405a-a86e-3acbc4d65c8a"]
[debug] &amp#27;[35m[W3C (cc6f4608)]&amp#27;[39m Responding to client with driver.getCurrentContext() result: "NATIVE_APP"
&amp#27;[35m[HTTP]&amp#27;[39m &amp#27;[37m<-- GET /wd/hub/session/cc6f4608-51bd-405a-a86e-3acbc4d65c8a/context &amp#27;[39m&amp#27;[32m200&amp#27;[39m &amp#27;[90m2 ms - 22&amp#27;[39m
&amp#27;[35m[HTTP]&amp#27;[39m &amp#27;[90m&amp#27;[39m
&amp#27;[35m[HTTP]&amp#27;[39m &amp#27;[37m-->&amp#27;[39m &amp#27;[37mPOST&amp#27;[39m &amp#27;[37m/wd/hub/session/cc6f4608-51bd-405a-a86e-3acbc4d65c8a/element&amp#27;[39m
&amp#27;[35m[HTTP]&amp#27;[39m &amp#27;[90m{"using":"xpath","value":"//android.view.ViewGroup[@content-desc='test-LOGIN']"}&amp#27;[39m
[debug] &amp#27;[35m[W3C (cc6f4608)]&amp#27;[39m Calling AppiumDriver.findElement() with args: ["xpath","//android.view.ViewGroup[@content-desc='test-LOGIN']","cc6f4608-51bd-405a-a86e-3acbc4d65c8a"]
[debug] &amp#27;[35m[BaseDriver]&amp#27;[39m Valid locator strategies for this request: xpath, id, class name, accessibility id, css selector, -android uiautomator
[debug] &amp#27;[35m[BaseDriver]&amp#27;[39m Waiting up to 10000 ms for condition
[debug] &amp#27;[35m[WD Proxy]&amp#27;[39m Matched '/element' to command name 'findElement'
[debug] &amp#27;[35m[WD Proxy]&amp#27;[39m Proxying [POST /element] to [POST http://127.0.0.1:8206/wd/hub/session/38d4a0a0-b2a3-421e-90b8-64091c13973b/element] with body: {"strategy":"xpath","selector":"//android.view.ViewGroup[@content-desc='test-LOGIN']","context":"","multiple":false}
[debug] &amp#27;[35m[WD Proxy]&amp#27;[39m Got response with status 200: {"sessionId":"38d4a0a0-b2a3-421e-90b8-64091c13973b","value":{"ELEMENT":"00000000-0000-0402-ffff-ffff0000002f","element-6066-11e4-a52e-4f735466cecf":"00000000-0000-0402-ffff-ffff0000002f"}}
[debug] &amp#27;[35m[W3C (cc6f4608)]&amp#27;[39m Responding to client with driver.findElement() result: {"element-6066-11e4-a52e-4f735466cecf":"00000000-0000-0402-ffff-ffff0000002f","ELEMENT":"00000000-0000-0402-ffff-ffff0000002f"}
&amp#27;[35m[HTTP]&amp#27;[39m &amp#27;[37m<-- POST /wd/hub/session/cc6f4608-51bd-405a-a86e-3acbc4d65c8a/element &amp#27;[39m&amp#27;[32m200&amp#27;[39m &amp#27;[90m518 ms - 137&amp#27;[39m
&amp#27;[35m[HTTP]&amp#27;[39m &amp#27;[90m&amp#27;[39m
&amp#27;[35m[HTTP]&amp#27;[39m &amp#27;[37m-->&amp#27;[39m &amp#27;[37mPOST&amp#27;[39m &amp#27;[37m/wd/hub/session/cc6f4608-51bd-405a-a86e-3acbc4d65c8a/element/00000000-0000-0402-ffff-ffff0000002f/click&amp#27;[39m
&amp#27;[35m[HTTP]&amp#27;[39m &amp#27;[90m{"id":"00000000-0000-0402-ffff-ffff0000002f"}&amp#27;[39m
[debug] &amp#27;[35m[W3C (cc6f4608)]&amp#27;[39m Calling AppiumDriver.click() with args: ["00000000-0000-0402-ffff-ffff0000002f","cc6f4608-51bd-405a-a86e-3acbc4d65c8a"]
[debug] &amp#27;[35m[WD Proxy]&amp#27;[39m Matched '/element/00000000-0000-0402-ffff-ffff0000002f/click' to command name 'click'
[debug] &amp#27;[35m[WD Proxy]&amp#27;[39m Proxying [POST /element/00000000-0000-0402-ffff-ffff0000002f/click] to [POST http://127.0.0.1:8206/wd/hub/session/38d4a0a0-b2a3-421e-90b8-64091c13973b/element/00000000-0000-0402-ffff-ffff0000002f/click] with body: {"element":"00000000-0000-0402-ffff-ffff0000002f"}
[debug] &amp#27;[35m[WD Proxy]&amp#27;[39m Got response with status 200: {"sessionId":"38d4a0a0-b2a3-421e-90b8-64091c13973b","value":null}
[debug] &amp#27;[35m[W3C (cc6f4608)]&amp#27;[39m Responding to client with driver.click() result: null
&amp#27;[35m[HTTP]&amp#27;[39m &amp#27;[37m<-- POST /wd/hub/session/cc6f4608-51bd-405a-a86e-3acbc4d65c8a/element/00000000-0000-0402-ffff-ffff0000002f/click &amp#27;[39m&amp#27;[32m200&amp#27;[39m &amp#27;[90m40 ms - 14&amp#27;[39m
&amp#27;[35m[HTTP]&amp#27;[39m &amp#27;[90m&amp#27;[39m
&amp#27;[35m[HTTP]&amp#27;[39m &amp#27;[37m-->&amp#27;[39m &amp#27;[37mGET&amp#27;[39m &amp#27;[37m/wd/hub/session/cc6f4608-51bd-405a-a86e-3acbc4d65c8a/context&amp#27;[39m
&amp#27;[35m[HTTP]&amp#27;[39m &amp#27;[90m{}&amp#27;[39m
[debug] &amp#27;[35m[W3C (cc6f4608)]&amp#27;[39m Calling AppiumDriver.getCurrentContext() with args: ["cc6f4608-51bd-405a-a86e-3acbc4d65c8a"]
[debug] &amp#27;[35m[W3C (cc6f4608)]&amp#27;[39m Responding to client with driver.getCurrentContext() result: "NATIVE_APP"
&amp#27;[35m[HTTP]&amp#27;[39m &amp#27;[37m<-- GET /wd/hub/session/cc6f4608-51bd-405a-a86e-3acbc4d65c8a/context &amp#27;[39m&amp#27;[32m200&amp#27;[39m &amp#27;[90m1 ms - 22&amp#27;[39m
&amp#27;[35m[HTTP]&amp#27;[39m &amp#27;[90m&amp#27;[39m
&amp#27;[35m[HTTP]&amp#27;[39m &amp#27;[37m-->&amp#27;[39m &amp#27;[37mPOST&amp#27;[39m &amp#27;[37m/wd/hub/session/cc6f4608-51bd-405a-a86e-3acbc4d65c8a/element&amp#27;[39m
&amp#27;[35m[HTTP]&amp#27;[39m &amp#27;[90m{"using":"xpath","value":"//android.widget.TextView[@text='PRODUCTS']"}&amp#27;[39m
[debug] &amp#27;[35m[W3C (cc6f4608)]&amp#27;[39m Calling AppiumDriver.findElement() with args: ["xpath","//android.widget.TextView[@text='PRODUCTS']","cc6f4608-51bd-405a-a86e-3acbc4d65c8a"]
[debug] &amp#27;[35m[BaseDriver]&amp#27;[39m Valid locator strategies for this request: xpath, id, class name, accessibility id, css selector, -android uiautomator
[debug] &amp#27;[35m[BaseDriver]&amp#27;[39m Waiting up to 10000 ms for condition
[debug] &amp#27;[35m[WD Proxy]&amp#27;[39m Matched '/element' to command name 'findElement'
[debug] &amp#27;[35m[WD Proxy]&amp#27;[39m Proxying [POST /element] to [POST http://127.0.0.1:8206/wd/hub/session/38d4a0a0-b2a3-421e-90b8-64091c13973b/element] with body: {"strategy":"xpath","selector":"//android.widget.TextView[@text='PRODUCTS']","context":"","multiple":false}
&amp#27;[35m[WD Proxy]&amp#27;[39m Got response with status 404: {"sessionId":"38d4a0a0-b2a3-421e-90b8-64091c13973b","value":{"error":"no such element","message":"An element could not be located on the page using the given search parameters","stacktrace":"io.appium.uiautomator2.common.exceptions.ElementNotFoundException: An element could not be located on the page using the given search parameters\n\tat io.appium.uiautomator2.handler.FindElement.findElement(FindElement.java:90)\n\tat io.appium.uiautomator2.handler.FindElement.safeHandle(FindElement.java:67)\n\tat io.appium.uiautomator2.handler.request.SafeRequestHandler.handle(SafeRequestHandler.java:59)\n\tat io.appium.uiautomator2.server.AppiumServlet.handleRequest(AppiumServlet.java:266)\n\tat io.appium.uiautomator2.server.AppiumServlet.handleHttpRequest(AppiumServlet.java:260)\n\tat io.appium.uiautomator2.http.ServerHandler.channelRead(ServerHandler.java:68)\n\tat io.netty.channel.AbstractChannelHandlerContext.invokeChannelRead(AbstractChannelHandlerContext.java:366)\n\tat io.netty.channel.AbstractChannelHandlerCont...
[debug] &amp#27;[35m[W3C]&amp#27;[39m Matched W3C error code 'no such element' to NoSuchElementError
[debug] &amp#27;[35m[BaseDriver]&amp#27;[39m Waited for 32 ms so far
[debug] &amp#27;[35m[WD Proxy]&amp#27;[39m Matched '/element' to command name 'findElement'
[debug] &amp#27;[35m[WD Proxy]&amp#27;[39m Proxying [POST /element] to [POST http://127.0.0.1:8206/wd/hub/session/38d4a0a0-b2a3-421e-90b8-64091c13973b/element] with body: {"strategy":"xpath","selector":"//android.widget.TextView[@text='PRODUCTS']","context":"","multiple":false}
[debug] &amp#27;[35m[WD Proxy]&amp#27;[39m Got response with status 200: {"sessionId":"38d4a0a0-b2a3-421e-90b8-64091c13973b","value":{"ELEMENT":"00000000-0000-0402-ffff-ffff00000042","element-6066-11e4-a52e-4f735466cecf":"00000000-0000-0402-ffff-ffff00000042"}}
[debug] &amp#27;[35m[W3C (cc6f4608)]&amp#27;[39m Responding to client with driver.findElement() result: {"element-6066-11e4-a52e-4f735466cecf":"00000000-0000-0402-ffff-ffff00000042","ELEMENT":"00000000-0000-0402-ffff-ffff00000042"}
&amp#27;[35m[HTTP]&amp#27;[39m &amp#27;[37m<-- POST /wd/hub/session/cc6f4608-51bd-405a-a86e-3acbc4d65c8a/element &amp#27;[39m&amp#27;[32m200&amp#27;[39m &amp#27;[90m1074 ms - 137&amp#27;[39m
&amp#27;[35m[HTTP]&amp#27;[39m &amp#27;[90m&amp#27;[39m
&amp#27;[35m[HTTP]&amp#27;[39m &amp#27;[37m-->&amp#27;[39m &amp#27;[37mGET&amp#27;[39m &amp#27;[37m/wd/hub/session/cc6f4608-51bd-405a-a86e-3acbc4d65c8a/element/00000000-0000-0402-ffff-ffff00000042/text&amp#27;[39m
&amp#27;[35m[HTTP]&amp#27;[39m &amp#27;[90m{}&amp#27;[39m
&amp#27;[35m[W3C (cc6f4608)]&amp#27;[39m Driver proxy active, passing request on via HTTP proxy
[debug] &amp#27;[35m[WD Proxy]&amp#27;[39m Matched '/wd/hub/session/cc6f4608-51bd-405a-a86e-3acbc4d65c8a/element/00000000-0000-0402-ffff-ffff00000042/text' to command name 'getText'
[debug] &amp#27;[35m[WD Proxy]&amp#27;[39m Proxying [GET /wd/hub/session/cc6f4608-51bd-405a-a86e-3acbc4d65c8a/element/00000000-0000-0402-ffff-ffff00000042/text] to [GET http://127.0.0.1:8206/wd/hub/session/38d4a0a0-b2a3-421e-90b8-64091c13973b/element/00000000-0000-0402-ffff-ffff00000042/text] with no body
[debug] &amp#27;[35m[WD Proxy]&amp#27;[39m Got response with status 200: {"sessionId":"38d4a0a0-b2a3-421e-90b8-64091c13973b","value":"PRODUCTS"}
&amp#27;[35m[WD Proxy]&amp#27;[39m Replacing sessionId 38d4a0a0-b2a3-421e-90b8-64091c13973b with cc6f4608-51bd-405a-a86e-3acbc4d65c8a
&amp#27;[35m[HTTP]&amp#27;[39m &amp#27;[37m<-- GET /wd/hub/session/cc6f4608-51bd-405a-a86e-3acbc4d65c8a/element/00000000-0000-0402-ffff-ffff00000042/text &amp#27;[39m&amp#27;[32m200&amp#27;[39m &amp#27;[90m6 ms - 71&amp#27;[39m
&amp#27;[35m[HTTP]&amp#27;[39m &amp#27;[90m&amp#27;[39m
PRODUCTS
&amp#27;[35m[HTTP]&amp#27;[39m &amp#27;[37m-->&amp#27;[39m &amp#27;[37mGET&amp#27;[39m &amp#27;[37m/wd/hub/session/cc6f4608-51bd-405a-a86e-3acbc4d65c8a/context&amp#27;[39m
&amp#27;[35m[HTTP]&amp#27;[39m &amp#27;[90m{}&amp#27;[39m
[debug] &amp#27;[35m[W3C (cc6f4608)]&amp#27;[39m Calling AppiumDriver.getCurrentContext() with args: ["cc6f4608-51bd-405a-a86e-3acbc4d65c8a"]
[debug] &amp#27;[35m[W3C (cc6f4608)]&amp#27;[39m Responding to client with driver.getCurrentContext() result: "NATIVE_APP"
&amp#27;[35m[HTTP]&amp#27;[39m &amp#27;[37m<-- GET /wd/hub/session/cc6f4608-51bd-405a-a86e-3acbc4d65c8a/context &amp#27;[39m&amp#27;[32m200&amp#27;[39m &amp#27;[90m0 ms - 22&amp#27;[39m
&amp#27;[35m[HTTP]&amp#27;[39m &amp#27;[90m&amp#27;[39m
&amp#27;[35m[HTTP]&amp#27;[39m &amp#27;[37m-->&amp#27;[39m &amp#27;[37mPOST&amp#27;[39m &amp#27;[37m/wd/hub/session/cc6f4608-51bd-405a-a86e-3acbc4d65c8a/element&amp#27;[39m
&amp#27;[35m[HTTP]&amp#27;[39m &amp#27;[90m{"using":"xpath","value":"//android.widget.TextView[@text='PRODUCTS']"}&amp#27;[39m
[debug] &amp#27;[35m[W3C (cc6f4608)]&amp#27;[39m Calling AppiumDriver.findElement() with args: ["xpath","//android.widget.TextView[@text='PRODUCTS']","cc6f4608-51bd-405a-a86e-3acbc4d65c8a"]
[debug] &amp#27;[35m[BaseDriver]&amp#27;[39m Valid locator strategies for this request: xpath, id, class name, accessibility id, css selector, -android uiautomator
[debug] &amp#27;[35m[BaseDriver]&amp#27;[39m Waiting up to 10000 ms for condition
[debug] &amp#27;[35m[WD Proxy]&amp#27;[39m Matched '/element' to command name 'findElement'
[debug] &amp#27;[35m[WD Proxy]&amp#27;[39m Proxying [POST /element] to [POST http://127.0.0.1:8206/wd/hub/session/38d4a0a0-b2a3-421e-90b8-64091c13973b/element] with body: {"strategy":"xpath","selector":"//android.widget.TextView[@text='PRODUCTS']","context":"","multiple":false}
[debug] &amp#27;[35m[WD Proxy]&amp#27;[39m Got response with status 200: {"sessionId":"38d4a0a0-b2a3-421e-90b8-64091c13973b","value":{"ELEMENT":"00000000-0000-0402-ffff-ffff00000042","element-6066-11e4-a52e-4f735466cecf":"00000000-0000-0402-ffff-ffff00000042"}}
[debug] &amp#27;[35m[W3C (cc6f4608)]&amp#27;[39m Responding to client with driver.findElement() result: {"element-6066-11e4-a52e-4f735466cecf":"00000000-0000-0402-ffff-ffff00000042","ELEMENT":"00000000-0000-0402-ffff-ffff00000042"}
&amp#27;[35m[HTTP]&amp#27;[39m &amp#27;[37m<-- POST /wd/hub/session/cc6f4608-51bd-405a-a86e-3acbc4d65c8a/element &amp#27;[39m&amp#27;[32m200&amp#27;[39m &amp#27;[90m21 ms - 137&amp#27;[39m
&amp#27;[35m[HTTP]&amp#27;[39m &amp#27;[90m&amp#27;[39m
&amp#27;[35m[HTTP]&amp#27;[39m &amp#27;[37m-->&amp#27;[39m &amp#27;[37mGET&amp#27;[39m &amp#27;[37m/wd/hub/session/cc6f4608-51bd-405a-a86e-3acbc4d65c8a/element/00000000-0000-0402-ffff-ffff00000042/text&amp#27;[39m
&amp#27;[35m[HTTP]&amp#27;[39m &amp#27;[90m{}&amp#27;[39m
&amp#27;[35m[W3C (cc6f4608)]&amp#27;[39m Driver proxy active, passing request on via HTTP proxy
[debug] &amp#27;[35m[WD Proxy]&amp#27;[39m Matched '/wd/hub/session/cc6f4608-51bd-405a-a86e-3acbc4d65c8a/element/00000000-0000-0402-ffff-ffff00000042/text' to command name 'getText'
[debug] &amp#27;[35m[WD Proxy]&amp#27;[39m Proxying [GET /wd/hub/session/cc6f4608-51bd-405a-a86e-3acbc4d65c8a/element/00000000-0000-0402-ffff-ffff00000042/text] to [GET http://127.0.0.1:8206/wd/hub/session/38d4a0a0-b2a3-421e-90b8-64091c13973b/element/00000000-0000-0402-ffff-ffff00000042/text] with no body
[debug] &amp#27;[35m[WD Proxy]&amp#27;[39m Got response with status 200: {"sessionId":"38d4a0a0-b2a3-421e-90b8-64091c13973b","value":"PRODUCTS"}
&amp#27;[35m[WD Proxy]&amp#27;[39m Replacing sessionId 38d4a0a0-b2a3-421e-90b8-64091c13973b with cc6f4608-51bd-405a-a86e-3acbc4d65c8a
&amp#27;[35m[HTTP]&amp#27;[39m &amp#27;[37m<-- GET /wd/hub/session/cc6f4608-51bd-405a-a86e-3acbc4d65c8a/element/00000000-0000-0402-ffff-ffff00000042/text &amp#27;[39m&amp#27;[32m200&amp#27;[39m &amp#27;[90m4 ms - 71&amp#27;[39m
&amp#27;[35m[HTTP]&amp#27;[39m &amp#27;[90m&amp#27;[39m
]]></system-out>
    <system-err><![CDATA[SLF4J: Failed to load class "org.slf4j.impl.StaticLoggerBinder".
SLF4J: Defaulting to no-operation (NOP) logger implementation
SLF4J: See http://www.slf4j.org/codes.html#StaticLoggerBinder for further details.
]]></system-err>
  </testcase>
  <testcase name="TC002_Login_LockedOutUser_Unable_To_Login[{user_locked=locked_out_user, password=secret_sauce, user_valid=standard_user, user_problem=problem_user}](1)" classname="com.swaglabsmobileapp.DemoTest" time="3.173">
    <system-out><![CDATA[[{user_locked=locked_out_user, password=secret_sauce, user_problem=problem_user, user_valid=standard_user}]
&amp#27;[35m[HTTP]&amp#27;[39m &amp#27;[37m-->&amp#27;[39m &amp#27;[37mPOST&amp#27;[39m &amp#27;[37m/wd/hub/session/cc6f4608-51bd-405a-a86e-3acbc4d65c8a/appium/device/start_activity&amp#27;[39m
&amp#27;[35m[HTTP]&amp#27;[39m &amp#27;[90m{"appPackage":"com.swaglabsmobileapp","appActivity":"com.swaglabsmobileapp.MainActivity","appWaitPackage":"","appWaitActivity":"","dontStopAppOnReset":false,"intentAction":"","intentCategory":"","intentFlags":"","optionalIntentArguments":""}&amp#27;[39m
[debug] &amp#27;[35m[W3C (cc6f4608)]&amp#27;[39m Calling AppiumDriver.startActivity() with args: ["com.swaglabsmobileapp","com.swaglabsmobileapp.MainActivity","","","","","","",false,null,null,"cc6f4608-51bd-405a-a86e-3acbc4d65c8a"]
[debug] &amp#27;[35m[AndroidDriver]&amp#27;[39m Starting package 'com.swaglabsmobileapp' and activity 'com.swaglabsmobileapp.MainActivity'
[debug] &amp#27;[35m[ADB]&amp#27;[39m Running '/Users/gilberto.barraza/Library/Android/sdk/platform-tools/adb -P 5037 -s emulator-5554 shell am start -W -n com.swaglabsmobileapp/com.swaglabsmobileapp.MainActivity -S'
[debug] &amp#27;[35m[ADB]&amp#27;[39m Waiting up to 20000ms for activity matching pkg: 'com.swaglabsmobileapp' and activity: 'com.swaglabsmobileapp.MainActivity' to be focused
[debug] &amp#27;[35m[ADB]&amp#27;[39m Possible activities, to be checked: 'com.swaglabsmobileapp.MainActivity', 'com.swaglabsmobileapp.com.swaglabsmobileapp.MainActivity'
[debug] &amp#27;[35m[ADB]&amp#27;[39m Getting focused package and activity
[debug] &amp#27;[35m[ADB]&amp#27;[39m Running '/Users/gilberto.barraza/Library/Android/sdk/platform-tools/adb -P 5037 -s emulator-5554 shell dumpsys window displays'
[debug] &amp#27;[35m[ADB]&amp#27;[39m Found package: 'com.swaglabsmobileapp' and fully qualified activity name : 'com.swaglabsmobileapp.MainActivity'
[debug] &amp#27;[35m[W3C (cc6f4608)]&amp#27;[39m Responding to client with driver.startActivity() result: null
&amp#27;[35m[HTTP]&amp#27;[39m &amp#27;[37m<-- POST /wd/hub/session/cc6f4608-51bd-405a-a86e-3acbc4d65c8a/appium/device/start_activity &amp#27;[39m&amp#27;[32m200&amp#27;[39m &amp#27;[90m530 ms - 14&amp#27;[39m
&amp#27;[35m[HTTP]&amp#27;[39m &amp#27;[90m&amp#27;[39m
&amp#27;[35m[HTTP]&amp#27;[39m &amp#27;[37m-->&amp#27;[39m &amp#27;[37mGET&amp#27;[39m &amp#27;[37m/wd/hub/session/cc6f4608-51bd-405a-a86e-3acbc4d65c8a/context&amp#27;[39m
&amp#27;[35m[HTTP]&amp#27;[39m &amp#27;[90m{}&amp#27;[39m
[debug] &amp#27;[35m[W3C (cc6f4608)]&amp#27;[39m Calling AppiumDriver.getCurrentContext() with args: ["cc6f4608-51bd-405a-a86e-3acbc4d65c8a"]
[debug] &amp#27;[35m[W3C (cc6f4608)]&amp#27;[39m Responding to client with driver.getCurrentContext() result: "NATIVE_APP"
&amp#27;[35m[HTTP]&amp#27;[39m &amp#27;[37m<-- GET /wd/hub/session/cc6f4608-51bd-405a-a86e-3acbc4d65c8a/context &amp#27;[39m&amp#27;[32m200&amp#27;[39m &amp#27;[90m1 ms - 22&amp#27;[39m
&amp#27;[35m[HTTP]&amp#27;[39m &amp#27;[90m&amp#27;[39m
&amp#27;[35m[HTTP]&amp#27;[39m &amp#27;[37m-->&amp#27;[39m &amp#27;[37mPOST&amp#27;[39m &amp#27;[37m/wd/hub/session/cc6f4608-51bd-405a-a86e-3acbc4d65c8a/element&amp#27;[39m
&amp#27;[35m[HTTP]&amp#27;[39m &amp#27;[90m{"using":"xpath","value":"//android.widget.EditText[@content-desc='test-Username']"}&amp#27;[39m
[debug] &amp#27;[35m[W3C (cc6f4608)]&amp#27;[39m Calling AppiumDriver.findElement() with args: ["xpath","//android.widget.EditText[@content-desc='test-Username']","cc6f4608-51bd-405a-a86e-3acbc4d65c8a"]
[debug] &amp#27;[35m[BaseDriver]&amp#27;[39m Valid locator strategies for this request: xpath, id, class name, accessibility id, css selector, -android uiautomator
[debug] &amp#27;[35m[BaseDriver]&amp#27;[39m Waiting up to 10000 ms for condition
[debug] &amp#27;[35m[WD Proxy]&amp#27;[39m Matched '/element' to command name 'findElement'
[debug] &amp#27;[35m[WD Proxy]&amp#27;[39m Proxying [POST /element] to [POST http://127.0.0.1:8206/wd/hub/session/38d4a0a0-b2a3-421e-90b8-64091c13973b/element] with body: {"strategy":"xpath","selector":"//android.widget.EditText[@content-desc='test-Username']","context":"","multiple":false}
[debug] &amp#27;[35m[WD Proxy]&amp#27;[39m Got response with status 200: {"sessionId":"38d4a0a0-b2a3-421e-90b8-64091c13973b","value":{"ELEMENT":"00000000-0000-0404-ffff-ffff0000002b","element-6066-11e4-a52e-4f735466cecf":"00000000-0000-0404-ffff-ffff0000002b"}}
[debug] &amp#27;[35m[W3C (cc6f4608)]&amp#27;[39m Responding to client with driver.findElement() result: {"element-6066-11e4-a52e-4f735466cecf":"00000000-0000-0404-ffff-ffff0000002b","ELEMENT":"00000000-0000-0404-ffff-ffff0000002b"}
&amp#27;[35m[HTTP]&amp#27;[39m &amp#27;[37m<-- POST /wd/hub/session/cc6f4608-51bd-405a-a86e-3acbc4d65c8a/element &amp#27;[39m&amp#27;[32m200&amp#27;[39m &amp#27;[90m849 ms - 137&amp#27;[39m
&amp#27;[35m[HTTP]&amp#27;[39m &amp#27;[90m&amp#27;[39m
&amp#27;[35m[HTTP]&amp#27;[39m &amp#27;[37m-->&amp#27;[39m &amp#27;[37mPOST&amp#27;[39m &amp#27;[37m/wd/hub/session/cc6f4608-51bd-405a-a86e-3acbc4d65c8a/element/00000000-0000-0404-ffff-ffff0000002b/value&amp#27;[39m
&amp#27;[35m[HTTP]&amp#27;[39m &amp#27;[90m{"id":"00000000-0000-0404-ffff-ffff0000002b","text":"locked_out_user","value":["l","o","c","k","e","d","_","o","u","t","_","u","s","e","r"]}&amp#27;[39m
[debug] &amp#27;[35m[W3C (cc6f4608)]&amp#27;[39m Calling AppiumDriver.setValue() with args: [["l","o","c","k","e","d","_","o","u","t","_","u","s","e","r"],"00000000-0000-0404-ffff-ffff0000002b","cc6f4608-51bd-405a-a86e-3acbc4d65c8a"]
[debug] &amp#27;[35m[WD Proxy]&amp#27;[39m Matched '/element/00000000-0000-0404-ffff-ffff0000002b/value' to command name 'setValue'
[debug] &amp#27;[35m[Protocol Converter]&amp#27;[39m Added 'value' property ["l","o","c","k","e","d","_","o","u","t","_","u","s","e","r"] to 'setValue' request body
[debug] &amp#27;[35m[WD Proxy]&amp#27;[39m Proxying [POST /element/00000000-0000-0404-ffff-ffff0000002b/value] to [POST http://127.0.0.1:8206/wd/hub/session/38d4a0a0-b2a3-421e-90b8-64091c13973b/element/00000000-0000-0404-ffff-ffff0000002b/value] with body: {"elementId":"00000000-0000-0404-ffff-ffff0000002b","text":"locked_out_user","replace":false,"value":["l","o","c","k","e","d","_","o","u","t","_","u","s","e","r"]}
[debug] &amp#27;[35m[WD Proxy]&amp#27;[39m Got response with status 200: {"sessionId":"38d4a0a0-b2a3-421e-90b8-64091c13973b","value":null}
[debug] &amp#27;[35m[W3C (cc6f4608)]&amp#27;[39m Responding to client with driver.setValue() result: null
&amp#27;[35m[HTTP]&amp#27;[39m &amp#27;[37m<-- POST /wd/hub/session/cc6f4608-51bd-405a-a86e-3acbc4d65c8a/element/00000000-0000-0404-ffff-ffff0000002b/value &amp#27;[39m&amp#27;[32m200&amp#27;[39m &amp#27;[90m17 ms - 14&amp#27;[39m
&amp#27;[35m[HTTP]&amp#27;[39m &amp#27;[90m&amp#27;[39m
&amp#27;[35m[HTTP]&amp#27;[39m &amp#27;[37m-->&amp#27;[39m &amp#27;[37mGET&amp#27;[39m &amp#27;[37m/wd/hub/session/cc6f4608-51bd-405a-a86e-3acbc4d65c8a/context&amp#27;[39m
&amp#27;[35m[HTTP]&amp#27;[39m &amp#27;[90m{}&amp#27;[39m
[debug] &amp#27;[35m[W3C (cc6f4608)]&amp#27;[39m Calling AppiumDriver.getCurrentContext() with args: ["cc6f4608-51bd-405a-a86e-3acbc4d65c8a"]
[debug] &amp#27;[35m[W3C (cc6f4608)]&amp#27;[39m Responding to client with driver.getCurrentContext() result: "NATIVE_APP"
&amp#27;[35m[HTTP]&amp#27;[39m &amp#27;[37m<-- GET /wd/hub/session/cc6f4608-51bd-405a-a86e-3acbc4d65c8a/context &amp#27;[39m&amp#27;[32m200&amp#27;[39m &amp#27;[90m0 ms - 22&amp#27;[39m
&amp#27;[35m[HTTP]&amp#27;[39m &amp#27;[90m&amp#27;[39m
&amp#27;[35m[HTTP]&amp#27;[39m &amp#27;[37m-->&amp#27;[39m &amp#27;[37mPOST&amp#27;[39m &amp#27;[37m/wd/hub/session/cc6f4608-51bd-405a-a86e-3acbc4d65c8a/element&amp#27;[39m
&amp#27;[35m[HTTP]&amp#27;[39m &amp#27;[90m{"using":"xpath","value":"//android.widget.EditText[@content-desc='test-Password']"}&amp#27;[39m
[debug] &amp#27;[35m[W3C (cc6f4608)]&amp#27;[39m Calling AppiumDriver.findElement() with args: ["xpath","//android.widget.EditText[@content-desc='test-Password']","cc6f4608-51bd-405a-a86e-3acbc4d65c8a"]
[debug] &amp#27;[35m[BaseDriver]&amp#27;[39m Valid locator strategies for this request: xpath, id, class name, accessibility id, css selector, -android uiautomator
[debug] &amp#27;[35m[BaseDriver]&amp#27;[39m Waiting up to 10000 ms for condition
[debug] &amp#27;[35m[WD Proxy]&amp#27;[39m Matched '/element' to command name 'findElement'
[debug] &amp#27;[35m[WD Proxy]&amp#27;[39m Proxying [POST /element] to [POST http://127.0.0.1:8206/wd/hub/session/38d4a0a0-b2a3-421e-90b8-64091c13973b/element] with body: {"strategy":"xpath","selector":"//android.widget.EditText[@content-desc='test-Password']","context":"","multiple":false}
[debug] &amp#27;[35m[WD Proxy]&amp#27;[39m Got response with status 200: {"sessionId":"38d4a0a0-b2a3-421e-90b8-64091c13973b","value":{"ELEMENT":"00000000-0000-0404-ffff-ffff0000002e","element-6066-11e4-a52e-4f735466cecf":"00000000-0000-0404-ffff-ffff0000002e"}}
[debug] &amp#27;[35m[W3C (cc6f4608)]&amp#27;[39m Responding to client with driver.findElement() result: {"element-6066-11e4-a52e-4f735466cecf":"00000000-0000-0404-ffff-ffff0000002e","ELEMENT":"00000000-0000-0404-ffff-ffff0000002e"}
&amp#27;[35m[HTTP]&amp#27;[39m &amp#27;[37m<-- POST /wd/hub/session/cc6f4608-51bd-405a-a86e-3acbc4d65c8a/element &amp#27;[39m&amp#27;[32m200&amp#27;[39m &amp#27;[90m516 ms - 137&amp#27;[39m
&amp#27;[35m[HTTP]&amp#27;[39m &amp#27;[90m&amp#27;[39m
&amp#27;[35m[HTTP]&amp#27;[39m &amp#27;[37m-->&amp#27;[39m &amp#27;[37mPOST&amp#27;[39m &amp#27;[37m/wd/hub/session/cc6f4608-51bd-405a-a86e-3acbc4d65c8a/element/00000000-0000-0404-ffff-ffff0000002e/value&amp#27;[39m
&amp#27;[35m[HTTP]&amp#27;[39m &amp#27;[90m{"id":"00000000-0000-0404-ffff-ffff0000002e","text":"secret_sauce","value":["s","e","c","r","e","t","_","s","a","u","c","e"]}&amp#27;[39m
[debug] &amp#27;[35m[W3C (cc6f4608)]&amp#27;[39m Calling AppiumDriver.setValue() with args: [["s","e","c","r","e","t","_","s","a","u","c","e"],"00000000-0000-0404-ffff-ffff0000002e","cc6f4608-51bd-405a-a86e-3acbc4d65c8a"]
[debug] &amp#27;[35m[WD Proxy]&amp#27;[39m Matched '/element/00000000-0000-0404-ffff-ffff0000002e/value' to command name 'setValue'
[debug] &amp#27;[35m[Protocol Converter]&amp#27;[39m Added 'value' property ["s","e","c","r","e","t","_","s","a","u","c","e"] to 'setValue' request body
[debug] &amp#27;[35m[WD Proxy]&amp#27;[39m Proxying [POST /element/00000000-0000-0404-ffff-ffff0000002e/value] to [POST http://127.0.0.1:8206/wd/hub/session/38d4a0a0-b2a3-421e-90b8-64091c13973b/element/00000000-0000-0404-ffff-ffff0000002e/value] with body: {"elementId":"00000000-0000-0404-ffff-ffff0000002e","text":"secret_sauce","replace":false,"value":["s","e","c","r","e","t","_","s","a","u","c","e"]}
[debug] &amp#27;[35m[WD Proxy]&amp#27;[39m Got response with status 200: {"sessionId":"38d4a0a0-b2a3-421e-90b8-64091c13973b","value":null}
[debug] &amp#27;[35m[W3C (cc6f4608)]&amp#27;[39m Responding to client with driver.setValue() result: null
&amp#27;[35m[HTTP]&amp#27;[39m &amp#27;[37m<-- POST /wd/hub/session/cc6f4608-51bd-405a-a86e-3acbc4d65c8a/element/00000000-0000-0404-ffff-ffff0000002e/value &amp#27;[39m&amp#27;[32m200&amp#27;[39m &amp#27;[90m544 ms - 14&amp#27;[39m
&amp#27;[35m[HTTP]&amp#27;[39m &amp#27;[90m&amp#27;[39m
&amp#27;[35m[HTTP]&amp#27;[39m &amp#27;[37m-->&amp#27;[39m &amp#27;[37mGET&amp#27;[39m &amp#27;[37m/wd/hub/session/cc6f4608-51bd-405a-a86e-3acbc4d65c8a/context&amp#27;[39m
&amp#27;[35m[HTTP]&amp#27;[39m &amp#27;[90m{}&amp#27;[39m
[debug] &amp#27;[35m[W3C (cc6f4608)]&amp#27;[39m Calling AppiumDriver.getCurrentContext() with args: ["cc6f4608-51bd-405a-a86e-3acbc4d65c8a"]
[debug] &amp#27;[35m[W3C (cc6f4608)]&amp#27;[39m Responding to client with driver.getCurrentContext() result: "NATIVE_APP"
&amp#27;[35m[HTTP]&amp#27;[39m &amp#27;[37m<-- GET /wd/hub/session/cc6f4608-51bd-405a-a86e-3acbc4d65c8a/context &amp#27;[39m&amp#27;[32m200&amp#27;[39m &amp#27;[90m1 ms - 22&amp#27;[39m
&amp#27;[35m[HTTP]&amp#27;[39m &amp#27;[90m&amp#27;[39m
&amp#27;[35m[HTTP]&amp#27;[39m &amp#27;[37m-->&amp#27;[39m &amp#27;[37mPOST&amp#27;[39m &amp#27;[37m/wd/hub/session/cc6f4608-51bd-405a-a86e-3acbc4d65c8a/element&amp#27;[39m
&amp#27;[35m[HTTP]&amp#27;[39m &amp#27;[90m{"using":"xpath","value":"//android.view.ViewGroup[@content-desc='test-LOGIN']"}&amp#27;[39m
[debug] &amp#27;[35m[W3C (cc6f4608)]&amp#27;[39m Calling AppiumDriver.findElement() with args: ["xpath","//android.view.ViewGroup[@content-desc='test-LOGIN']","cc6f4608-51bd-405a-a86e-3acbc4d65c8a"]
[debug] &amp#27;[35m[BaseDriver]&amp#27;[39m Valid locator strategies for this request: xpath, id, class name, accessibility id, css selector, -android uiautomator
[debug] &amp#27;[35m[BaseDriver]&amp#27;[39m Waiting up to 10000 ms for condition
[debug] &amp#27;[35m[WD Proxy]&amp#27;[39m Matched '/element' to command name 'findElement'
[debug] &amp#27;[35m[WD Proxy]&amp#27;[39m Proxying [POST /element] to [POST http://127.0.0.1:8206/wd/hub/session/38d4a0a0-b2a3-421e-90b8-64091c13973b/element] with body: {"strategy":"xpath","selector":"//android.view.ViewGroup[@content-desc='test-LOGIN']","context":"","multiple":false}
[debug] &amp#27;[35m[WD Proxy]&amp#27;[39m Got response with status 200: {"sessionId":"38d4a0a0-b2a3-421e-90b8-64091c13973b","value":{"ELEMENT":"00000000-0000-0404-ffff-ffff0000002f","element-6066-11e4-a52e-4f735466cecf":"00000000-0000-0404-ffff-ffff0000002f"}}
[debug] &amp#27;[35m[W3C (cc6f4608)]&amp#27;[39m Responding to client with driver.findElement() result: {"element-6066-11e4-a52e-4f735466cecf":"00000000-0000-0404-ffff-ffff0000002f","ELEMENT":"00000000-0000-0404-ffff-ffff0000002f"}
&amp#27;[35m[HTTP]&amp#27;[39m &amp#27;[37m<-- POST /wd/hub/session/cc6f4608-51bd-405a-a86e-3acbc4d65c8a/element &amp#27;[39m&amp#27;[32m200&amp#27;[39m &amp#27;[90m31 ms - 137&amp#27;[39m
&amp#27;[35m[HTTP]&amp#27;[39m &amp#27;[90m&amp#27;[39m
&amp#27;[35m[HTTP]&amp#27;[39m &amp#27;[37m-->&amp#27;[39m &amp#27;[37mPOST&amp#27;[39m &amp#27;[37m/wd/hub/session/cc6f4608-51bd-405a-a86e-3acbc4d65c8a/element/00000000-0000-0404-ffff-ffff0000002f/click&amp#27;[39m
&amp#27;[35m[HTTP]&amp#27;[39m &amp#27;[90m{"id":"00000000-0000-0404-ffff-ffff0000002f"}&amp#27;[39m
[debug] &amp#27;[35m[W3C (cc6f4608)]&amp#27;[39m Calling AppiumDriver.click() with args: ["00000000-0000-0404-ffff-ffff0000002f","cc6f4608-51bd-405a-a86e-3acbc4d65c8a"]
[debug] &amp#27;[35m[WD Proxy]&amp#27;[39m Matched '/element/00000000-0000-0404-ffff-ffff0000002f/click' to command name 'click'
[debug] &amp#27;[35m[WD Proxy]&amp#27;[39m Proxying [POST /element/00000000-0000-0404-ffff-ffff0000002f/click] to [POST http://127.0.0.1:8206/wd/hub/session/38d4a0a0-b2a3-421e-90b8-64091c13973b/element/00000000-0000-0404-ffff-ffff0000002f/click] with body: {"element":"00000000-0000-0404-ffff-ffff0000002f"}
[debug] &amp#27;[35m[WD Proxy]&amp#27;[39m Got response with status 200: {"sessionId":"38d4a0a0-b2a3-421e-90b8-64091c13973b","value":null}
[debug] &amp#27;[35m[W3C (cc6f4608)]&amp#27;[39m Responding to client with driver.click() result: null
&amp#27;[35m[HTTP]&amp#27;[39m &amp#27;[37m<-- POST /wd/hub/session/cc6f4608-51bd-405a-a86e-3acbc4d65c8a/element/00000000-0000-0404-ffff-ffff0000002f/click &amp#27;[39m&amp#27;[32m200&amp#27;[39m &amp#27;[90m507 ms - 14&amp#27;[39m
&amp#27;[35m[HTTP]&amp#27;[39m &amp#27;[90m&amp#27;[39m
&amp#27;[35m[HTTP]&amp#27;[39m &amp#27;[37m-->&amp#27;[39m &amp#27;[37mGET&amp#27;[39m &amp#27;[37m/wd/hub/session/cc6f4608-51bd-405a-a86e-3acbc4d65c8a/context&amp#27;[39m
&amp#27;[35m[HTTP]&amp#27;[39m &amp#27;[90m{}&amp#27;[39m
[debug] &amp#27;[35m[W3C (cc6f4608)]&amp#27;[39m Calling AppiumDriver.getCurrentContext() with args: ["cc6f4608-51bd-405a-a86e-3acbc4d65c8a"]
[debug] &amp#27;[35m[W3C (cc6f4608)]&amp#27;[39m Responding to client with driver.getCurrentContext() result: "NATIVE_APP"
&amp#27;[35m[HTTP]&amp#27;[39m &amp#27;[37m<-- GET /wd/hub/session/cc6f4608-51bd-405a-a86e-3acbc4d65c8a/context &amp#27;[39m&amp#27;[32m200&amp#27;[39m &amp#27;[90m1 ms - 22&amp#27;[39m
&amp#27;[35m[HTTP]&amp#27;[39m &amp#27;[90m&amp#27;[39m
&amp#27;[35m[HTTP]&amp#27;[39m &amp#27;[37m-->&amp#27;[39m &amp#27;[37mPOST&amp#27;[39m &amp#27;[37m/wd/hub/session/cc6f4608-51bd-405a-a86e-3acbc4d65c8a/element&amp#27;[39m
&amp#27;[35m[HTTP]&amp#27;[39m &amp#27;[90m{"using":"xpath","value":"//*[@text='Sorry, this user has been locked out.']"}&amp#27;[39m
[debug] &amp#27;[35m[W3C (cc6f4608)]&amp#27;[39m Calling AppiumDriver.findElement() with args: ["xpath","//*[@text='Sorry, this user has been locked out.']","cc6f4608-51bd-405a-a86e-3acbc4d65c8a"]
[debug] &amp#27;[35m[BaseDriver]&amp#27;[39m Valid locator strategies for this request: xpath, id, class name, accessibility id, css selector, -android uiautomator
[debug] &amp#27;[35m[BaseDriver]&amp#27;[39m Waiting up to 10000 ms for condition
[debug] &amp#27;[35m[WD Proxy]&amp#27;[39m Matched '/element' to command name 'findElement'
[debug] &amp#27;[35m[WD Proxy]&amp#27;[39m Proxying [POST /element] to [POST http://127.0.0.1:8206/wd/hub/session/38d4a0a0-b2a3-421e-90b8-64091c13973b/element] with body: {"strategy":"xpath","selector":"//*[@text='Sorry, this user has been locked out.']","context":"","multiple":false}
&amp#27;[35m[WD Proxy]&amp#27;[39m Got response with status 404: {"sessionId":"38d4a0a0-b2a3-421e-90b8-64091c13973b","value":{"error":"no such element","message":"An element could not be located on the page using the given search parameters","stacktrace":"io.appium.uiautomator2.common.exceptions.ElementNotFoundException: An element could not be located on the page using the given search parameters\n\tat io.appium.uiautomator2.handler.FindElement.findElement(FindElement.java:90)\n\tat io.appium.uiautomator2.handler.FindElement.safeHandle(FindElement.java:67)\n\tat io.appium.uiautomator2.handler.request.SafeRequestHandler.handle(SafeRequestHandler.java:59)\n\tat io.appium.uiautomator2.server.AppiumServlet.handleRequest(AppiumServlet.java:266)\n\tat io.appium.uiautomator2.server.AppiumServlet.handleHttpRequest(AppiumServlet.java:260)\n\tat io.appium.uiautomator2.http.ServerHandler.channelRead(ServerHandler.java:68)\n\tat io.netty.channel.AbstractChannelHandlerContext.invokeChannelRead(AbstractChannelHandlerContext.java:366)\n\tat io.netty.channel.AbstractChannelHandlerCont...
[debug] &amp#27;[35m[W3C]&amp#27;[39m Matched W3C error code 'no such element' to NoSuchElementError
[debug] &amp#27;[35m[BaseDriver]&amp#27;[39m Waited for 37 ms so far
[debug] &amp#27;[35m[WD Proxy]&amp#27;[39m Matched '/element' to command name 'findElement'
[debug] &amp#27;[35m[WD Proxy]&amp#27;[39m Proxying [POST /element] to [POST http://127.0.0.1:8206/wd/hub/session/38d4a0a0-b2a3-421e-90b8-64091c13973b/element] with body: {"strategy":"xpath","selector":"//*[@text='Sorry, this user has been locked out.']","context":"","multiple":false}
[debug] &amp#27;[35m[WD Proxy]&amp#27;[39m Got response with status 200: {"sessionId":"38d4a0a0-b2a3-421e-90b8-64091c13973b","value":{"ELEMENT":"00000000-0000-0404-ffff-ffff0000003d","element-6066-11e4-a52e-4f735466cecf":"00000000-0000-0404-ffff-ffff0000003d"}}
[debug] &amp#27;[35m[W3C (cc6f4608)]&amp#27;[39m Responding to client with driver.findElement() result: {"element-6066-11e4-a52e-4f735466cecf":"00000000-0000-0404-ffff-ffff0000003d","ELEMENT":"00000000-0000-0404-ffff-ffff0000003d"}
&amp#27;[35m[HTTP]&amp#27;[39m &amp#27;[37m<-- POST /wd/hub/session/cc6f4608-51bd-405a-a86e-3acbc4d65c8a/element &amp#27;[39m&amp#27;[32m200&amp#27;[39m &amp#27;[90m645 ms - 137&amp#27;[39m
&amp#27;[35m[HTTP]&amp#27;[39m &amp#27;[90m&amp#27;[39m
&amp#27;[35m[HTTP]&amp#27;[39m &amp#27;[37m-->&amp#27;[39m &amp#27;[37mGET&amp#27;[39m &amp#27;[37m/wd/hub/session/cc6f4608-51bd-405a-a86e-3acbc4d65c8a/element/00000000-0000-0404-ffff-ffff0000003d/text&amp#27;[39m
&amp#27;[35m[HTTP]&amp#27;[39m &amp#27;[90m{}&amp#27;[39m
&amp#27;[35m[W3C (cc6f4608)]&amp#27;[39m Driver proxy active, passing request on via HTTP proxy
[debug] &amp#27;[35m[WD Proxy]&amp#27;[39m Matched '/wd/hub/session/cc6f4608-51bd-405a-a86e-3acbc4d65c8a/element/00000000-0000-0404-ffff-ffff0000003d/text' to command name 'getText'
[debug] &amp#27;[35m[WD Proxy]&amp#27;[39m Proxying [GET /wd/hub/session/cc6f4608-51bd-405a-a86e-3acbc4d65c8a/element/00000000-0000-0404-ffff-ffff0000003d/text] to [GET http://127.0.0.1:8206/wd/hub/session/38d4a0a0-b2a3-421e-90b8-64091c13973b/element/00000000-0000-0404-ffff-ffff0000003d/text] with no body
[debug] &amp#27;[35m[WD Proxy]&amp#27;[39m Got response with status 200: {"sessionId":"38d4a0a0-b2a3-421e-90b8-64091c13973b","value":"Sorry, this user has been locked out."}
&amp#27;[35m[WD Proxy]&amp#27;[39m Replacing sessionId 38d4a0a0-b2a3-421e-90b8-64091c13973b with cc6f4608-51bd-405a-a86e-3acbc4d65c8a
&amp#27;[35m[HTTP]&amp#27;[39m &amp#27;[37m<-- GET /wd/hub/session/cc6f4608-51bd-405a-a86e-3acbc4d65c8a/element/00000000-0000-0404-ffff-ffff0000003d/text &amp#27;[39m&amp#27;[32m200&amp#27;[39m &amp#27;[90m5 ms - 100&amp#27;[39m
&amp#27;[35m[HTTP]&amp#27;[39m &amp#27;[90m&amp#27;[39m
Sorry, this user has been locked out.
&amp#27;[35m[HTTP]&amp#27;[39m &amp#27;[37m-->&amp#27;[39m &amp#27;[37mGET&amp#27;[39m &amp#27;[37m/wd/hub/session/cc6f4608-51bd-405a-a86e-3acbc4d65c8a/context&amp#27;[39m
&amp#27;[35m[HTTP]&amp#27;[39m &amp#27;[90m{}&amp#27;[39m
[debug] &amp#27;[35m[W3C (cc6f4608)]&amp#27;[39m Calling AppiumDriver.getCurrentContext() with args: ["cc6f4608-51bd-405a-a86e-3acbc4d65c8a"]
[debug] &amp#27;[35m[W3C (cc6f4608)]&amp#27;[39m Responding to client with driver.getCurrentContext() result: "NATIVE_APP"
&amp#27;[35m[HTTP]&amp#27;[39m &amp#27;[37m<-- GET /wd/hub/session/cc6f4608-51bd-405a-a86e-3acbc4d65c8a/context &amp#27;[39m&amp#27;[32m200&amp#27;[39m &amp#27;[90m1 ms - 22&amp#27;[39m
&amp#27;[35m[HTTP]&amp#27;[39m &amp#27;[90m&amp#27;[39m
&amp#27;[35m[HTTP]&amp#27;[39m &amp#27;[37m-->&amp#27;[39m &amp#27;[37mPOST&amp#27;[39m &amp#27;[37m/wd/hub/session/cc6f4608-51bd-405a-a86e-3acbc4d65c8a/element&amp#27;[39m
&amp#27;[35m[HTTP]&amp#27;[39m &amp#27;[90m{"using":"xpath","value":"//*[@text='Sorry, this user has been locked out.']"}&amp#27;[39m
[debug] &amp#27;[35m[W3C (cc6f4608)]&amp#27;[39m Calling AppiumDriver.findElement() with args: ["xpath","//*[@text='Sorry, this user has been locked out.']","cc6f4608-51bd-405a-a86e-3acbc4d65c8a"]
[debug] &amp#27;[35m[BaseDriver]&amp#27;[39m Valid locator strategies for this request: xpath, id, class name, accessibility id, css selector, -android uiautomator
[debug] &amp#27;[35m[BaseDriver]&amp#27;[39m Waiting up to 10000 ms for condition
[debug] &amp#27;[35m[WD Proxy]&amp#27;[39m Matched '/element' to command name 'findElement'
[debug] &amp#27;[35m[WD Proxy]&amp#27;[39m Proxying [POST /element] to [POST http://127.0.0.1:8206/wd/hub/session/38d4a0a0-b2a3-421e-90b8-64091c13973b/element] with body: {"strategy":"xpath","selector":"//*[@text='Sorry, this user has been locked out.']","context":"","multiple":false}
[debug] &amp#27;[35m[WD Proxy]&amp#27;[39m Got response with status 200: {"sessionId":"38d4a0a0-b2a3-421e-90b8-64091c13973b","value":{"ELEMENT":"00000000-0000-0404-ffff-ffff0000003d","element-6066-11e4-a52e-4f735466cecf":"00000000-0000-0404-ffff-ffff0000003d"}}
[debug] &amp#27;[35m[W3C (cc6f4608)]&amp#27;[39m Responding to client with driver.findElement() result: {"element-6066-11e4-a52e-4f735466cecf":"00000000-0000-0404-ffff-ffff0000003d","ELEMENT":"00000000-0000-0404-ffff-ffff0000003d"}
&amp#27;[35m[HTTP]&amp#27;[39m &amp#27;[37m<-- POST /wd/hub/session/cc6f4608-51bd-405a-a86e-3acbc4d65c8a/element &amp#27;[39m&amp#27;[32m200&amp#27;[39m &amp#27;[90m17 ms - 137&amp#27;[39m
&amp#27;[35m[HTTP]&amp#27;[39m &amp#27;[90m&amp#27;[39m
&amp#27;[35m[HTTP]&amp#27;[39m &amp#27;[37m-->&amp#27;[39m &amp#27;[37mGET&amp#27;[39m &amp#27;[37m/wd/hub/session/cc6f4608-51bd-405a-a86e-3acbc4d65c8a/element/00000000-0000-0404-ffff-ffff0000003d/text&amp#27;[39m
&amp#27;[35m[HTTP]&amp#27;[39m &amp#27;[90m{}&amp#27;[39m
&amp#27;[35m[W3C (cc6f4608)]&amp#27;[39m Driver proxy active, passing request on via HTTP proxy
[debug] &amp#27;[35m[WD Proxy]&amp#27;[39m Matched '/wd/hub/session/cc6f4608-51bd-405a-a86e-3acbc4d65c8a/element/00000000-0000-0404-ffff-ffff0000003d/text' to command name 'getText'
[debug] &amp#27;[35m[WD Proxy]&amp#27;[39m Proxying [GET /wd/hub/session/cc6f4608-51bd-405a-a86e-3acbc4d65c8a/element/00000000-0000-0404-ffff-ffff0000003d/text] to [GET http://127.0.0.1:8206/wd/hub/session/38d4a0a0-b2a3-421e-90b8-64091c13973b/element/00000000-0000-0404-ffff-ffff0000003d/text] with no body
[debug] &amp#27;[35m[WD Proxy]&amp#27;[39m Got response with status 200: {"sessionId":"38d4a0a0-b2a3-421e-90b8-64091c13973b","value":"Sorry, this user has been locked out."}
&amp#27;[35m[WD Proxy]&amp#27;[39m Replacing sessionId 38d4a0a0-b2a3-421e-90b8-64091c13973b with cc6f4608-51bd-405a-a86e-3acbc4d65c8a
&amp#27;[35m[HTTP]&amp#27;[39m &amp#27;[37m<-- GET /wd/hub/session/cc6f4608-51bd-405a-a86e-3acbc4d65c8a/element/00000000-0000-0404-ffff-ffff0000003d/text &amp#27;[39m&amp#27;[32m200&amp#27;[39m &amp#27;[90m4 ms - 100&amp#27;[39m
&amp#27;[35m[HTTP]&amp#27;[39m &amp#27;[90m&amp#27;[39m
]]></system-out>
  </testcase>
</testsuite>