<?xml version="1.0" encoding="UTF-8"?>
<testng-results ignored="1" total="3" passed="2" failed="0" skipped="0">
  <reporter-output>
  </reporter-output>
  <suite started-at="2024-01-22T15:06:33 CST" name="Suite" finished-at="2024-01-22T15:06:52 CST" duration-ms="18725">
    <groups>
      <group name="Regression">
        <method signature="DemoTest.TC001_Login_StandardUser_SuccesfulLogin(java.util.HashMap)[pri:0, instance:com.swaglabsmobileapp.DemoTest@648c94da]" name="TC001_Login_StandardUser_SuccesfulLogin" class="com.swaglabsmobileapp.DemoTest"/>
        <method signature="DemoTest.TC002_Login_LockedOutUser_Unable_To_Login(java.util.HashMap)[pri:0, instance:com.swaglabsmobileapp.DemoTest@648c94da]" name="TC002_Login_LockedOutUser_Unable_To_Login" class="com.swaglabsmobileapp.DemoTest"/>
      </group> <!-- Regression -->
      <group name="Smoke">
        <method signature="DemoTest.TC001_Login_StandardUser_SuccesfulLogin(java.util.HashMap)[pri:0, instance:com.swaglabsmobileapp.DemoTest@648c94da]" name="TC001_Login_StandardUser_SuccesfulLogin" class="com.swaglabsmobileapp.DemoTest"/>
        <method signature="DemoTest.TC002_Login_LockedOutUser_Unable_To_Login(java.util.HashMap)[pri:0, instance:com.swaglabsmobileapp.DemoTest@648c94da]" name="TC002_Login_LockedOutUser_Unable_To_Login" class="com.swaglabsmobileapp.DemoTest"/>
      </group> <!-- Smoke -->
    </groups>
    <test started-at="2024-01-22T15:06:33 CST" name="Test" finished-at="2024-01-22T15:06:52 CST" duration-ms="18725">
      <class name="com.swaglabsmobileapp.DemoTest">
        <test-method is-config="true" signature="configureAppium()[pri:0, instance:com.swaglabsmobileapp.DemoTest@648c94da]" started-at="2024-01-22T15:06:33 CST" name="configureAppium" finished-at="2024-01-22T15:06:39 CST" duration-ms="6428" status="PASS">
          <reporter-output>
          </reporter-output>
        </test-method> <!-- configureAppium -->
        <test-method is-config="true" signature="presetup()[pri:0, instance:com.swaglabsmobileapp.DemoTest@648c94da]" started-at="2024-01-22T15:06:39 CST" name="presetup" finished-at="2024-01-22T15:06:40 CST" duration-ms="821" status="PASS">
          <reporter-output>
          </reporter-output>
        </test-method> <!-- presetup -->
        <test-method signature="TC001_Login_StandardUser_SuccesfulLogin(java.util.HashMap)[pri:0, instance:com.swaglabsmobileapp.DemoTest@648c94da]" started-at="2024-01-22T15:06:40 CST" name="TC001_Login_StandardUser_SuccesfulLogin" data-provider="getData" finished-at="2024-01-22T15:06:44 CST" duration-ms="4219" status="PASS">
          <params>
            <param index="0">
              <value>
                <![CDATA[{user_locked=locked_out_user, password=secret_sauce, user_valid=standard_user, user_problem=problem_user}]]>
              </value>
            </param>
          </params>
          <reporter-output>
          </reporter-output>
        </test-method> <!-- TC001_Login_StandardUser_SuccesfulLogin -->
        <test-method is-config="true" signature="presetup()[pri:0, instance:com.swaglabsmobileapp.DemoTest@648c94da]" started-at="2024-01-22T15:06:44 CST" name="presetup" finished-at="2024-01-22T15:06:45 CST" duration-ms="535" status="PASS">
          <reporter-output>
          </reporter-output>
        </test-method> <!-- presetup -->
        <test-method signature="TC002_Login_LockedOutUser_Unable_To_Login(java.util.HashMap)[pri:0, instance:com.swaglabsmobileapp.DemoTest@648c94da]" started-at="2024-01-22T15:06:45 CST" name="TC002_Login_LockedOutUser_Unable_To_Login" data-provider="getData" finished-at="2024-01-22T15:06:48 CST" duration-ms="3174" status="PASS">
          <params>
            <param index="0">
              <value>
                <![CDATA[{user_locked=locked_out_user, password=secret_sauce, user_valid=standard_user, user_problem=problem_user}]]>
              </value>
            </param>
          </params>
          <reporter-output>
          </reporter-output>
        </test-method> <!-- TC002_Login_LockedOutUser_Unable_To_Login -->
        <test-method is-config="true" signature="tearDown()[pri:0, instance:com.swaglabsmobileapp.DemoTest@648c94da]" started-at="2024-01-22T15:06:48 CST" name="tearDown" finished-at="2024-01-22T15:06:52 CST" duration-ms="3416" status="PASS">
          <reporter-output>
          </reporter-output>
        </test-method> <!-- tearDown -->
      </class> <!-- com.swaglabsmobileapp.DemoTest -->
    </test> <!-- Test -->
  </suite> <!-- Suite -->
</testng-results>
